mode: set
cleanr/cleanr/facade.go:40.50,42.2 1 1
cleanr/cleanr/facade.go:44.53,46.2 1 0
cleanr/cleanr/facade.go:48.65,50.2 1 0
cleanr/cleanr/facade.go:52.63,54.2 1 0
cleanr/cleanr/facade.go:56.39,58.2 1 0
cleanr/cleanr/facade.go:60.29,62.2 1 0
cleanr/cleanr/facade.go:64.66,66.2 1 1
cleanr/cleanr/facade.go:68.68,70.2 1 1
cleanr/cleanr/facade.go:72.71,74.2 1 1
cleanr/cleanr/report.go:13.67,14.33 1 1
cleanr/cleanr/report.go:15.18,17.13 2 0
cleanr/cleanr/report.go:18.14,21.28 3 1
cleanr/cleanr/report.go:22.15,23.31 1 0
cleanr/cleanr/report.go:24.10,25.61 1 0
cleanr/cleanr/report.go:29.39,32.20 3 0
cleanr/cleanr/report.go:32.20,34.3 1 0
cleanr/cleanr/report.go:35.2,37.34 3 0
cleanr/cleanr/report.go:37.34,39.3 1 0
cleanr/cleanr/report.go:40.2,44.38 4 0
cleanr/cleanr/report.go:44.38,46.20 2 0
cleanr/cleanr/report.go:46.20,48.4 1 0
cleanr/cleanr/report.go:49.3,50.56 2 0
cleanr/cleanr/report.go:50.56,52.4 1 0
cleanr/cleanr/report.go:53.3,54.33 2 0
cleanr/cleanr/report.go:54.33,56.17 2 0
cleanr/cleanr/report.go:56.17,58.5 1 0
cleanr/cleanr/report.go:59.4,60.52 2 0
cleanr/cleanr/report.go:60.52,62.5 1 0
cleanr/cleanr/report.go:63.4,64.33 2 0
cleanr/cleanr/report.go:64.33,66.5 1 0
cleanr/cleanr/report.go:68.3,68.36 1 0
cleanr/cleanr/report.go:68.36,70.4 1 0
cleanr/cleanr/report.go:71.3,71.52 1 0
cleanr/cleanr/report.go:71.52,73.4 1 0
cleanr/cleanr/report.go:75.2,75.37 1 0
cleanr/cleanr/report.go:75.37,77.46 2 0
cleanr/cleanr/report.go:77.46,79.4 1 0
cleanr/cleanr/report.go:81.2,81.19 1 0
cleanr/cleanr/report.go:109.51,111.38 2 0
cleanr/cleanr/report.go:111.38,117.33 2 0
cleanr/cleanr/report.go:117.33,123.17 2 0
cleanr/cleanr/report.go:123.17,129.5 2 0
cleanr/cleanr/report.go:130.4,130.43 1 0
cleanr/cleanr/report.go:132.3,132.44 1 0
cleanr/cleanr/report.go:134.2,136.27 3 0
cleanr/cleanr/report.go:139.46,141.29 2 0
cleanr/cleanr/report.go:141.29,143.3 1 0
cleanr/cleanr/report.go:144.2,144.34 1 0
cleanr/cleanr/report.go:147.44,149.2 1 0
cleanr/cleanr/report.go:151.49,154.32 3 0
cleanr/cleanr/report.go:154.32,155.16 1 0
cleanr/cleanr/report.go:155.16,157.4 1 0
cleanr/cleanr/report.go:159.2,159.26 1 0
cleanr/cleanr/report.go:159.26,161.3 1 0
cleanr/cleanr/report.go:162.2,162.24 1 0
cleanr/cleanr/report.go:162.24,164.3 1 0
cleanr/cleanr/report.go:165.2,165.35 1 0
cleanr/cleanr/report.go:168.43,170.20 2 0
cleanr/cleanr/report.go:170.20,172.3 1 0
cleanr/cleanr/report.go:173.2,173.17 1 0
cleanr/cleanr/report.go:173.17,175.3 1 0
cleanr/cleanr/report.go:176.2,176.22 1 0
cleanr/cleanr/report.go:176.22,178.3 1 0
cleanr/cleanr/report.go:179.2,180.35 2 0
cleanr/cleanr/report.go:183.48,185.2 1 0
cleanr/cleanr/report.go:187.56,188.22 1 0
cleanr/cleanr/report.go:188.22,190.3 1 0
cleanr/cleanr/report.go:191.2,192.33 2 0
cleanr/cleanr/report.go:192.33,193.34 1 0
cleanr/cleanr/report.go:193.34,194.12 1 0
cleanr/cleanr/report.go:196.3,196.27 1 0
cleanr/cleanr/report.go:198.2,201.27 3 0
cleanr/cleanr/report.go:201.27,203.3 1 0
cleanr/cleanr/report.go:204.2,204.14 1 0
cleanr/cleanr/report.go:207.42,208.22 1 0
cleanr/cleanr/report.go:212.20,213.14 1 0
cleanr/cleanr/report.go:214.10,215.15 1 0
cleanr/cleanr/report.go:219.42,220.27 1 0
cleanr/cleanr/report.go:221.14,222.11 1 0
cleanr/cleanr/report.go:223.15,224.32 1 0
cleanr/cleanr/report.go:225.15,226.32 1 0
cleanr/cleanr/report.go:227.10,228.23 1 0
cleanr/cleanr/runner.go:18.51,25.2 2 1
cleanr/cleanr/runner.go:27.42,30.2 2 1
cleanr/cleanr/runner.go:32.40,34.2 1 1
cleanr/cleanr/runner.go:36.50,44.35 4 1
cleanr/cleanr/runner.go:44.35,50.21 6 1
cleanr/cleanr/runner.go:50.21,52.4 1 0
cleanr/cleanr/runner.go:53.3,53.34 1 1
cleanr/cleanr/runner.go:53.34,55.17 2 1
cleanr/cleanr/runner.go:55.17,57.5 1 0
cleanr/cleanr/runner.go:61.2,64.15 4 1
cleanr/cleanr/runner.go:67.42,69.2 1 1
cleanr/cleanr/runner.go:71.51,73.38 2 1
cleanr/cleanr/runner.go:73.38,74.19 1 1
cleanr/cleanr/runner.go:74.19,75.12 1 1
cleanr/cleanr/runner.go:77.3,77.21 1 0
cleanr/cleanr/runner.go:78.27,79.117 1 0
cleanr/cleanr/runner.go:80.19,81.132 1 0
cleanr/cleanr/runner.go:82.15,83.130 1 0
cleanr/cleanr/runner.go:84.16,85.153 1 0
cleanr/cleanr/runner.go:86.16,87.134 1 0
cleanr/cleanr/runner.go:88.29,89.155 1 0
cleanr/cleanr/runner.go:92.2,92.13 1 1
cleanr/cleanr/adapters/anthropic.go:22.74,24.2 1 1
cleanr/cleanr/adapters/anthropic.go:26.81,29.18 3 1
cleanr/cleanr/adapters/anthropic.go:29.18,31.3 1 0
cleanr/cleanr/adapters/anthropic.go:33.2,35.16 3 1
cleanr/cleanr/adapters/anthropic.go:35.16,37.3 1 0
cleanr/cleanr/adapters/anthropic.go:39.2,40.18 2 1
cleanr/cleanr/adapters/anthropic.go:40.18,42.3 1 0
cleanr/cleanr/adapters/anthropic.go:43.2,47.16 4 1
cleanr/cleanr/adapters/anthropic.go:47.16,49.3 1 0
cleanr/cleanr/adapters/anthropic.go:50.2,53.34 4 1
cleanr/cleanr/adapters/anthropic.go:53.34,55.3 1 1
cleanr/cleanr/adapters/anthropic.go:56.2,56.32 1 1
cleanr/cleanr/adapters/anthropic.go:56.32,58.3 1 0
cleanr/cleanr/adapters/anthropic.go:60.2,63.16 4 1
cleanr/cleanr/adapters/anthropic.go:63.16,65.3 1 0
cleanr/cleanr/adapters/anthropic.go:66.2,69.16 3 1
cleanr/cleanr/adapters/anthropic.go:69.16,71.3 1 0
cleanr/cleanr/adapters/anthropic.go:73.2,74.32 2 1
cleanr/cleanr/adapters/anthropic.go:74.32,84.3 1 0
cleanr/cleanr/adapters/anthropic.go:86.2,94.3 1 1
cleanr/cleanr/adapters/anthropic.go:97.71,108.41 2 1
cleanr/cleanr/adapters/anthropic.go:108.41,110.3 1 1
cleanr/cleanr/adapters/anthropic.go:111.2,111.13 1 1
cleanr/cleanr/adapters/anthropic.go:114.42,116.16 2 1
cleanr/cleanr/adapters/anthropic.go:116.16,118.3 1 0
cleanr/cleanr/adapters/anthropic.go:119.2,119.27 1 1
cleanr/cleanr/adapters/anthropic.go:122.40,123.56 1 1
cleanr/cleanr/adapters/anthropic.go:123.56,125.3 1 0
cleanr/cleanr/adapters/anthropic.go:126.2,126.53 1 1
cleanr/cleanr/adapters/anthropic.go:157.98,159.55 2 1
cleanr/cleanr/adapters/anthropic.go:159.55,161.3 1 0
cleanr/cleanr/adapters/anthropic.go:163.2,165.39 3 1
cleanr/cleanr/adapters/anthropic.go:165.39,166.45 1 1
cleanr/cleanr/adapters/anthropic.go:166.45,168.4 1 1
cleanr/cleanr/adapters/anthropic.go:169.3,169.30 1 1
cleanr/cleanr/adapters/anthropic.go:169.30,176.4 1 1
cleanr/cleanr/adapters/anthropic.go:179.2,194.39 4 1
cleanr/cleanr/adapters/anthropic.go:194.39,196.3 1 0
cleanr/cleanr/adapters/anthropic.go:197.2,197.37 1 1
cleanr/cleanr/adapters/anthropic.go:200.59,202.105 2 0
cleanr/cleanr/adapters/anthropic.go:202.105,204.3 1 0
cleanr/cleanr/adapters/anthropic.go:205.2,205.59 1 0
cleanr/cleanr/adapters/factory.go:11.82,12.26 1 1
cleanr/cleanr/adapters/factory.go:13.16,14.32 1 1
cleanr/cleanr/adapters/factory.go:15.19,16.35 1 1
cleanr/cleanr/adapters/factory.go:17.14,18.30 1 1
cleanr/cleanr/adapters/factory.go:19.10,20.80 1 1
cleanr/cleanr/adapters/factory.go:28.76,30.2 1 1
cleanr/cleanr/adapters/http.go:20.64,22.2 1 1
cleanr/cleanr/adapters/http.go:24.76,27.16 3 1
cleanr/cleanr/adapters/http.go:27.16,29.3 1 1
cleanr/cleanr/adapters/http.go:31.2,32.18 2 1
cleanr/cleanr/adapters/http.go:32.18,34.3 1 1
cleanr/cleanr/adapters/http.go:35.2,39.16 4 1
cleanr/cleanr/adapters/http.go:39.16,41.3 1 0
cleanr/cleanr/adapters/http.go:42.2,42.34 1 1
cleanr/cleanr/adapters/http.go:42.34,44.3 1 1
cleanr/cleanr/adapters/http.go:45.2,45.32 1 1
cleanr/cleanr/adapters/http.go:45.32,47.3 1 1
cleanr/cleanr/adapters/http.go:49.2,52.16 4 1
cleanr/cleanr/adapters/http.go:52.16,54.3 1 0
cleanr/cleanr/adapters/http.go:55.2,58.16 3 1
cleanr/cleanr/adapters/http.go:58.16,60.3 1 0
cleanr/cleanr/adapters/http.go:62.2,73.3 2 1
cleanr/cleanr/adapters/http.go:76.68,78.21 2 1
cleanr/cleanr/adapters/http.go:78.21,80.3 1 1
cleanr/cleanr/adapters/http.go:81.2,81.21 1 1
cleanr/cleanr/adapters/http.go:81.21,83.3 1 1
cleanr/cleanr/adapters/http.go:84.2,90.82 3 1
cleanr/cleanr/adapters/http.go:93.27,95.16 2 1
cleanr/cleanr/adapters/http.go:95.16,97.3 1 1
cleanr/cleanr/adapters/http.go:98.2,99.50 2 1
cleanr/cleanr/adapters/http.go:99.50,101.3 1 0
cleanr/cleanr/adapters/http.go:102.2,102.12 1 1
cleanr/cleanr/adapters/http.go:105.135,106.27 1 1
cleanr/cleanr/adapters/http.go:107.22,108.30 1 1
cleanr/cleanr/adapters/http.go:108.30,110.4 1 1
cleanr/cleanr/adapters/http.go:111.3,112.28 2 1
cleanr/cleanr/adapters/http.go:112.28,114.4 1 1
cleanr/cleanr/adapters/http.go:115.3,115.24 1 1
cleanr/cleanr/adapters/http.go:115.24,116.39 1 1
cleanr/cleanr/adapters/http.go:116.39,118.5 1 1
cleanr/cleanr/adapters/http.go:119.4,119.61 1 1
cleanr/cleanr/adapters/http.go:119.61,120.32 1 1
cleanr/cleanr/adapters/http.go:120.32,122.6 1 1
cleanr/cleanr/adapters/http.go:125.3,125.15 1 1
cleanr/cleanr/adapters/http.go:126.13,127.30 1 1
cleanr/cleanr/adapters/http.go:127.30,129.4 1 1
cleanr/cleanr/adapters/http.go:130.3,130.15 1 1
cleanr/cleanr/adapters/http.go:131.14,133.40 2 1
cleanr/cleanr/adapters/http.go:133.40,135.4 1 1
cleanr/cleanr/adapters/http.go:136.3,136.13 1 1
cleanr/cleanr/adapters/http.go:137.10,138.15 1 1
cleanr/cleanr/adapters/http.go:142.69,144.55 2 1
cleanr/cleanr/adapters/http.go:144.55,146.3 1 1
cleanr/cleanr/adapters/http.go:148.2,149.48 2 1
cleanr/cleanr/adapters/http.go:149.48,151.10 2 1
cleanr/cleanr/adapters/http.go:151.10,153.4 1 0
cleanr/cleanr/adapters/http.go:154.3,155.10 2 1
cleanr/cleanr/adapters/http.go:155.10,157.4 1 1
cleanr/cleanr/adapters/http.go:160.2,160.29 1 1
cleanr/cleanr/adapters/http.go:161.14,162.20 1 1
cleanr/cleanr/adapters/http.go:163.10,165.17 2 1
cleanr/cleanr/adapters/http.go:165.17,167.4 1 0
cleanr/cleanr/adapters/http.go:168.3,168.27 1 1
cleanr/cleanr/adapters/openai.go:22.68,24.2 1 1
cleanr/cleanr/adapters/openai.go:26.78,29.18 3 1
cleanr/cleanr/adapters/openai.go:29.18,31.3 1 0
cleanr/cleanr/adapters/openai.go:33.2,34.16 2 1
cleanr/cleanr/adapters/openai.go:34.16,36.3 1 0
cleanr/cleanr/adapters/openai.go:37.2,38.16 2 1
cleanr/cleanr/adapters/openai.go:38.16,40.3 1 0
cleanr/cleanr/adapters/openai.go:42.2,43.18 2 1
cleanr/cleanr/adapters/openai.go:43.18,45.3 1 0
cleanr/cleanr/adapters/openai.go:46.2,50.16 4 1
cleanr/cleanr/adapters/openai.go:50.16,52.3 1 0
cleanr/cleanr/adapters/openai.go:53.2,54.34 2 1
cleanr/cleanr/adapters/openai.go:54.34,56.3 1 1
cleanr/cleanr/adapters/openai.go:57.2,57.32 1 1
cleanr/cleanr/adapters/openai.go:57.32,59.3 1 0
cleanr/cleanr/adapters/openai.go:60.2,60.47 1 1
cleanr/cleanr/adapters/openai.go:60.47,62.3 1 1
cleanr/cleanr/adapters/openai.go:63.2,63.88 1 1
cleanr/cleanr/adapters/openai.go:63.88,65.3 1 0
cleanr/cleanr/adapters/openai.go:66.2,66.78 1 1
cleanr/cleanr/adapters/openai.go:66.78,68.3 1 0
cleanr/cleanr/adapters/openai.go:70.2,73.16 4 1
cleanr/cleanr/adapters/openai.go:73.16,75.3 1 0
cleanr/cleanr/adapters/openai.go:76.2,79.16 3 1
cleanr/cleanr/adapters/openai.go:79.16,81.3 1 0
cleanr/cleanr/adapters/openai.go:83.2,84.32 2 1
cleanr/cleanr/adapters/openai.go:84.32,94.3 1 0
cleanr/cleanr/adapters/openai.go:96.2,104.3 1 1
cleanr/cleanr/adapters/openai.go:107.77,108.37 1 1
cleanr/cleanr/adapters/openai.go:109.19,114.42 2 1
cleanr/cleanr/adapters/openai.go:114.42,116.4 1 1
cleanr/cleanr/adapters/openai.go:117.3,117.37 1 1
cleanr/cleanr/adapters/openai.go:117.37,119.4 1 0
cleanr/cleanr/adapters/openai.go:120.3,120.19 1 1
cleanr/cleanr/adapters/openai.go:121.26,123.42 2 1
cleanr/cleanr/adapters/openai.go:123.42,128.4 1 1
cleanr/cleanr/adapters/openai.go:129.3,137.37 3 1
cleanr/cleanr/adapters/openai.go:137.37,139.4 1 0
cleanr/cleanr/adapters/openai.go:140.3,140.19 1 1
cleanr/cleanr/adapters/openai.go:141.10,142.81 1 0
cleanr/cleanr/adapters/openai.go:146.39,148.16 2 1
cleanr/cleanr/adapters/openai.go:148.16,150.3 1 0
cleanr/cleanr/adapters/openai.go:151.2,151.37 1 1
cleanr/cleanr/adapters/openai.go:152.26,153.36 1 1
cleanr/cleanr/adapters/openai.go:154.10,155.29 1 1
cleanr/cleanr/adapters/openai.go:159.37,160.53 1 1
cleanr/cleanr/adapters/openai.go:160.53,162.3 1 0
cleanr/cleanr/adapters/openai.go:163.2,163.50 1 1
cleanr/cleanr/adapters/openai.go:166.101,167.37 1 1
cleanr/cleanr/adapters/openai.go:168.26,169.39 1 1
cleanr/cleanr/adapters/openai.go:170.10,171.44 1 1
cleanr/cleanr/adapters/openai.go:236.104,238.55 2 1
cleanr/cleanr/adapters/openai.go:238.55,240.3 1 0
cleanr/cleanr/adapters/openai.go:242.2,244.38 3 1
cleanr/cleanr/adapters/openai.go:244.38,245.40 1 1
cleanr/cleanr/adapters/openai.go:245.40,246.59 1 1
cleanr/cleanr/adapters/openai.go:246.59,248.5 1 1
cleanr/cleanr/adapters/openai.go:250.3,250.65 1 1
cleanr/cleanr/adapters/openai.go:250.65,252.4 1 0
cleanr/cleanr/adapters/openai.go:255.2,263.43 3 1
cleanr/cleanr/adapters/openai.go:263.43,267.3 1 0
cleanr/cleanr/adapters/openai.go:268.2,268.39 1 1
cleanr/cleanr/adapters/openai.go:268.39,270.3 1 0
cleanr/cleanr/adapters/openai.go:271.2,271.67 1 1
cleanr/cleanr/adapters/openai.go:274.99,276.55 2 1
cleanr/cleanr/adapters/openai.go:276.55,278.3 1 0
cleanr/cleanr/adapters/openai.go:279.2,279.31 1 1
cleanr/cleanr/adapters/openai.go:279.31,285.27 2 0
cleanr/cleanr/adapters/openai.go:285.27,287.4 1 0
cleanr/cleanr/adapters/openai.go:288.3,288.69 1 0
cleanr/cleanr/adapters/openai.go:291.2,302.26 5 1
cleanr/cleanr/adapters/openai.go:302.26,304.3 1 1
cleanr/cleanr/adapters/openai.go:305.2,305.39 1 1
cleanr/cleanr/adapters/openai.go:305.39,307.3 1 0
cleanr/cleanr/adapters/openai.go:308.2,308.58 1 1
cleanr/cleanr/adapters/openai.go:308.58,310.3 1 0
cleanr/cleanr/adapters/openai.go:311.2,311.67 1 1
cleanr/cleanr/adapters/openai.go:314.59,315.20 1 1
cleanr/cleanr/adapters/openai.go:315.20,317.3 1 1
cleanr/cleanr/adapters/openai.go:318.2,318.33 1 1
cleanr/cleanr/adapters/openai.go:319.14,320.20 1 1
cleanr/cleanr/adapters/openai.go:321.13,323.30 2 0
cleanr/cleanr/adapters/openai.go:323.30,325.11 2 0
cleanr/cleanr/adapters/openai.go:325.11,326.13 1 0
cleanr/cleanr/adapters/openai.go:328.4,328.58 1 0
cleanr/cleanr/adapters/openai.go:328.58,330.5 1 0
cleanr/cleanr/adapters/openai.go:332.3,332.59 1 0
cleanr/cleanr/adapters/openai.go:333.10,334.80 1 0
cleanr/cleanr/adapters/openai.go:350.26,351.47 1 1
cleanr/cleanr/adapters/openai.go:351.47,353.3 1 1
cleanr/cleanr/adapters/openai.go:354.2,354.30 1 0
cleanr/cleanr/adapters/openai.go:354.30,356.3 1 0
cleanr/cleanr/adapters/openai.go:357.2,367.9 1 0
cleanr/cleanr/adapters/openai.go:377.20,378.21 1 1
cleanr/cleanr/adapters/openai.go:378.21,380.3 1 1
cleanr/cleanr/adapters/openai.go:381.2,382.29 2 1
cleanr/cleanr/adapters/openai.go:382.29,389.3 1 1
cleanr/cleanr/adapters/openai.go:390.2,390.18 1 1
cleanr/cleanr/adapters/openai.go:393.62,398.48 4 1
cleanr/cleanr/adapters/openai.go:398.48,400.3 1 1
cleanr/cleanr/adapters/openai.go:401.2,401.53 1 1
cleanr/cleanr/adapters/openai.go:401.53,403.3 1 1
cleanr/cleanr/adapters/openai.go:404.2,404.22 1 1
cleanr/cleanr/adapters/openai.go:404.22,406.3 1 0
cleanr/cleanr/adapters/openai.go:408.2,412.3 1 1
cleanr/cleanr/adapters/openai.go:415.56,417.105 2 0
cleanr/cleanr/adapters/openai.go:417.105,419.3 1 0
cleanr/cleanr/adapters/openai.go:420.2,420.56 1 0
cleanr/cleanr/config/defaults.go:5.34,94.2 3 0
cleanr/cleanr/config/defaults.go:96.38,97.23 1 1
cleanr/cleanr/config/defaults.go:97.23,99.3 1 0
cleanr/cleanr/config/defaults.go:100.2,100.27 1 1
cleanr/cleanr/config/defaults.go:100.27,102.3 1 0
cleanr/cleanr/config/defaults.go:103.2,103.29 1 1
cleanr/cleanr/config/defaults.go:103.29,105.3 1 1
cleanr/cleanr/config/defaults.go:106.2,106.31 1 1
cleanr/cleanr/config/defaults.go:106.31,108.3 1 1
cleanr/cleanr/config/defaults.go:109.2,109.31 1 1
cleanr/cleanr/config/defaults.go:109.31,113.3 1 1
cleanr/cleanr/config/defaults.go:114.2,114.41 1 1
cleanr/cleanr/config/defaults.go:114.41,115.28 1 1
cleanr/cleanr/config/defaults.go:115.28,117.4 1 0
cleanr/cleanr/config/defaults.go:118.3,118.38 1 1
cleanr/cleanr/config/defaults.go:118.38,120.4 1 0
cleanr/cleanr/config/defaults.go:121.3,121.40 1 1
cleanr/cleanr/config/defaults.go:121.40,123.4 1 1
cleanr/cleanr/config/defaults.go:124.3,124.38 1 1
cleanr/cleanr/config/defaults.go:124.38,126.4 1 1
cleanr/cleanr/config/defaults.go:128.2,128.44 1 1
cleanr/cleanr/config/defaults.go:128.44,129.28 1 1
cleanr/cleanr/config/defaults.go:129.28,131.4 1 0
cleanr/cleanr/config/defaults.go:132.3,132.43 1 1
cleanr/cleanr/config/defaults.go:132.43,134.4 1 1
cleanr/cleanr/config/defaults.go:135.3,135.41 1 1
cleanr/cleanr/config/defaults.go:135.41,137.4 1 1
cleanr/cleanr/config/defaults.go:138.3,138.41 1 1
cleanr/cleanr/config/defaults.go:138.41,140.4 1 1
cleanr/cleanr/config/defaults.go:141.3,141.42 1 1
cleanr/cleanr/config/defaults.go:141.42,143.4 1 1
cleanr/cleanr/config/defaults.go:145.2,145.96 1 1
cleanr/cleanr/config/defaults.go:145.96,147.3 1 0
cleanr/cleanr/config/defaults.go:148.2,148.29 1 1
cleanr/cleanr/config/defaults.go:148.29,149.40 1 0
cleanr/cleanr/config/defaults.go:149.40,151.4 1 0
cleanr/cleanr/config/defaults.go:152.3,152.43 1 0
cleanr/cleanr/config/defaults.go:152.43,154.4 1 0
cleanr/cleanr/config/defaults.go:155.3,155.40 1 0
cleanr/cleanr/config/defaults.go:155.40,157.4 1 0
cleanr/cleanr/config/defaults.go:159.2,159.30 1 1
cleanr/cleanr/config/defaults.go:159.30,160.41 1 0
cleanr/cleanr/config/defaults.go:160.41,162.4 1 0
cleanr/cleanr/config/defaults.go:163.3,163.39 1 0
cleanr/cleanr/config/defaults.go:163.39,165.4 1 0
cleanr/cleanr/config/defaults.go:166.3,166.41 1 0
cleanr/cleanr/config/defaults.go:166.41,168.4 1 0
cleanr/cleanr/config/defaults.go:170.2,170.30 1 1
cleanr/cleanr/config/defaults.go:170.30,171.39 1 0
cleanr/cleanr/config/defaults.go:171.39,173.4 1 0
cleanr/cleanr/config/defaults.go:174.3,174.47 1 0
cleanr/cleanr/config/defaults.go:174.47,176.4 1 0
cleanr/cleanr/config/defaults.go:177.3,177.45 1 0
cleanr/cleanr/config/defaults.go:177.45,179.4 1 0
cleanr/cleanr/config/defaults.go:180.3,180.48 1 0
cleanr/cleanr/config/defaults.go:180.48,182.4 1 0
cleanr/cleanr/config/defaults.go:184.2,184.42 1 1
cleanr/cleanr/config/defaults.go:184.42,185.55 1 0
cleanr/cleanr/config/defaults.go:185.55,187.4 1 0
cleanr/cleanr/config/defaults.go:188.3,188.56 1 0
cleanr/cleanr/config/defaults.go:188.56,190.4 1 0
cleanr/cleanr/config/defaults.go:191.3,191.55 1 0
cleanr/cleanr/config/defaults.go:191.55,193.4 1 0
cleanr/cleanr/config/defaults.go:194.3,194.60 1 0
cleanr/cleanr/config/defaults.go:194.60,196.4 1 0
cleanr/cleanr/config/defaults.go:197.3,197.66 1 0
cleanr/cleanr/config/defaults.go:197.66,199.4 1 0
cleanr/cleanr/config/defaults.go:200.3,200.68 1 0
cleanr/cleanr/config/defaults.go:200.68,202.4 1 0
cleanr/cleanr/config/defaults.go:203.3,203.65 1 0
cleanr/cleanr/config/defaults.go:203.65,205.4 1 0
cleanr/cleanr/config/errors.go:14.36,15.37 1 0
cleanr/cleanr/config/errors.go:15.37,17.3 1 0
cleanr/cleanr/config/errors.go:18.2,18.66 1 0
cleanr/cleanr/config/errors.go:25.60,31.2 1 0
cleanr/cleanr/config/errors.go:33.41,35.2 1 1
cleanr/cleanr/config/errors.go:37.42,38.24 1 0
cleanr/cleanr/config/errors.go:38.24,40.3 1 0
cleanr/cleanr/config/errors.go:41.2,41.24 1 0
cleanr/cleanr/config/errors.go:41.24,43.3 1 0
cleanr/cleanr/config/errors.go:45.2,47.31 3 0
cleanr/cleanr/config/errors.go:47.31,50.3 2 0
cleanr/cleanr/config/errors.go:51.2,51.19 1 0
cleanr/cleanr/config/io.go:14.55,16.16 2 1
cleanr/cleanr/config/io.go:16.16,18.3 1 0
cleanr/cleanr/config/io.go:20.2,21.16 2 1
cleanr/cleanr/config/io.go:21.16,23.3 1 0
cleanr/cleanr/config/io.go:24.2,25.44 2 1
cleanr/cleanr/config/io.go:25.44,27.3 1 0
cleanr/cleanr/config/io.go:29.2,29.17 1 1
cleanr/cleanr/config/io.go:32.70,34.16 2 0
cleanr/cleanr/config/io.go:34.16,36.3 1 0
cleanr/cleanr/config/io.go:37.2,38.44 2 0
cleanr/cleanr/config/io.go:38.44,40.3 1 0
cleanr/cleanr/config/io.go:41.2,41.17 1 0
cleanr/cleanr/config/io.go:44.58,46.16 2 0
cleanr/cleanr/config/io.go:46.16,48.3 1 0
cleanr/cleanr/config/io.go:49.2,49.54 1 0
cleanr/cleanr/config/io.go:52.68,54.16 2 0
cleanr/cleanr/config/io.go:54.16,56.3 1 0
cleanr/cleanr/config/io.go:57.2,57.32 1 0
cleanr/cleanr/config/io.go:60.66,61.22 1 1
cleanr/cleanr/config/io.go:61.22,63.3 1 0
cleanr/cleanr/config/io.go:65.2,66.51 2 1
cleanr/cleanr/config/io.go:66.51,68.3 1 0
cleanr/cleanr/config/io.go:69.2,69.17 1 1
cleanr/cleanr/config/io.go:72.65,73.22 1 0
cleanr/cleanr/config/io.go:73.22,75.17 2 0
cleanr/cleanr/config/io.go:75.17,77.4 1 0
cleanr/cleanr/config/io.go:79.3,80.55 2 0
cleanr/cleanr/config/io.go:80.55,82.4 1 0
cleanr/cleanr/config/io.go:84.3,85.17 2 0
cleanr/cleanr/config/io.go:85.17,87.4 1 0
cleanr/cleanr/config/io.go:88.3,88.19 1 0
cleanr/cleanr/config/io.go:91.2,92.16 2 0
cleanr/cleanr/config/io.go:92.16,94.3 1 0
cleanr/cleanr/config/io.go:95.2,95.18 1 0
cleanr/cleanr/config/io.go:98.57,100.55 2 0
cleanr/cleanr/config/io.go:100.55,102.3 1 0
cleanr/cleanr/config/io.go:104.2,106.16 3 0
cleanr/cleanr/config/io.go:106.16,108.3 1 0
cleanr/cleanr/config/io.go:110.2,111.50 2 0
cleanr/cleanr/config/io.go:111.50,113.3 1 0
cleanr/cleanr/config/io.go:114.2,114.17 1 0
cleanr/cleanr/config/io.go:117.36,118.27 1 0
cleanr/cleanr/config/io.go:119.22,121.33 2 0
cleanr/cleanr/config/io.go:121.33,123.4 1 0
cleanr/cleanr/config/io.go:124.3,124.13 1 0
cleanr/cleanr/config/io.go:125.19,127.33 2 0
cleanr/cleanr/config/io.go:127.33,129.4 1 0
cleanr/cleanr/config/io.go:130.3,130.13 1 0
cleanr/cleanr/config/io.go:131.13,133.31 2 0
cleanr/cleanr/config/io.go:133.31,135.4 1 0
cleanr/cleanr/config/io.go:136.3,136.13 1 0
cleanr/cleanr/config/io.go:137.10,138.11 1 0
cleanr/cleanr/config/io.go:142.35,143.45 1 1
cleanr/cleanr/config/io.go:144.23,145.14 1 0
cleanr/cleanr/config/io.go:146.10,147.15 1 1
cleanr/cleanr/config/io.go:151.42,152.52 1 0
cleanr/cleanr/config/io.go:153.21,154.23 1 0
cleanr/cleanr/config/io.go:155.10,156.23 1 0
cleanr/cleanr/config/validation.go:12.44,15.33 2 1
cleanr/cleanr/config/validation.go:16.14,20.64 4 0
cleanr/cleanr/config/validation.go:20.64,22.62 2 0
cleanr/cleanr/config/validation.go:22.62,24.5 1 0
cleanr/cleanr/config/validation.go:26.16,28.43 2 1
cleanr/cleanr/config/validation.go:29.40,29.40 0 1
cleanr/cleanr/config/validation.go:30.11,31.179 1 0
cleanr/cleanr/config/validation.go:33.3,33.75 1 1
cleanr/cleanr/config/validation.go:33.75,35.62 2 1
cleanr/cleanr/config/validation.go:35.62,37.5 1 0
cleanr/cleanr/config/validation.go:39.19,41.78 2 1
cleanr/cleanr/config/validation.go:41.78,43.62 2 1
cleanr/cleanr/config/validation.go:43.62,45.5 1 0
cleanr/cleanr/config/validation.go:47.3,47.41 1 1
cleanr/cleanr/config/validation.go:47.41,49.4 1 0
cleanr/cleanr/config/validation.go:50.10,51.184 1 0
cleanr/cleanr/config/validation.go:54.2,54.30 1 1
cleanr/cleanr/config/validation.go:54.30,56.3 1 0
cleanr/cleanr/config/validation.go:58.2,59.29 2 1
cleanr/cleanr/config/validation.go:59.29,61.3 1 0
cleanr/cleanr/config/validation.go:62.2,62.41 1 1
cleanr/cleanr/config/validation.go:62.41,66.59 4 1
cleanr/cleanr/config/validation.go:66.59,67.44 1 1
cleanr/cleanr/config/validation.go:67.44,69.5 1 0
cleanr/cleanr/config/validation.go:69.10,71.5 1 1
cleanr/cleanr/config/validation.go:73.3,73.49 1 1
cleanr/cleanr/config/validation.go:73.49,75.4 1 0
cleanr/cleanr/config/validation.go:78.2,78.29 1 1
cleanr/cleanr/config/validation.go:78.29,81.83 3 0
cleanr/cleanr/config/validation.go:81.83,83.4 1 0
cleanr/cleanr/config/validation.go:84.3,84.39 1 0
cleanr/cleanr/config/validation.go:84.39,86.4 1 0
cleanr/cleanr/config/validation.go:89.2,89.59 1 1
cleanr/cleanr/config/validation.go:89.59,90.52 1 0
cleanr/cleanr/config/validation.go:90.52,92.4 1 0
cleanr/cleanr/config/validation.go:95.2,95.30 1 1
cleanr/cleanr/config/validation.go:95.30,101.49 2 0
cleanr/cleanr/config/validation.go:101.49,102.42 1 0
cleanr/cleanr/config/validation.go:102.42,104.5 1 0
cleanr/cleanr/config/validation.go:106.3,106.41 1 0
cleanr/cleanr/config/validation.go:106.41,108.4 1 0
cleanr/cleanr/config/validation.go:109.3,109.38 1 0
cleanr/cleanr/config/validation.go:109.38,111.4 1 0
cleanr/cleanr/config/validation.go:112.3,112.79 1 0
cleanr/cleanr/config/validation.go:112.79,114.4 1 0
cleanr/cleanr/config/validation.go:117.2,117.30 1 1
cleanr/cleanr/config/validation.go:117.30,118.38 1 0
cleanr/cleanr/config/validation.go:118.38,120.4 1 0
cleanr/cleanr/config/validation.go:121.3,121.89 1 0
cleanr/cleanr/config/validation.go:121.89,123.4 1 0
cleanr/cleanr/config/validation.go:124.3,124.85 1 0
cleanr/cleanr/config/validation.go:124.85,126.4 1 0
cleanr/cleanr/config/validation.go:127.3,127.91 1 0
cleanr/cleanr/config/validation.go:127.91,129.4 1 0
cleanr/cleanr/config/validation.go:132.2,132.42 1 1
cleanr/cleanr/config/validation.go:132.42,133.54 1 0
cleanr/cleanr/config/validation.go:133.54,135.4 1 0
cleanr/cleanr/config/validation.go:136.3,136.55 1 0
cleanr/cleanr/config/validation.go:136.55,138.4 1 0
cleanr/cleanr/config/validation.go:139.3,139.54 1 0
cleanr/cleanr/config/validation.go:139.54,141.4 1 0
cleanr/cleanr/config/validation.go:142.3,142.60 1 0
cleanr/cleanr/config/validation.go:142.60,144.4 1 0
cleanr/cleanr/config/validation.go:145.3,145.127 1 0
cleanr/cleanr/config/validation.go:145.127,147.4 1 0
cleanr/cleanr/config/validation.go:148.3,148.131 1 0
cleanr/cleanr/config/validation.go:148.131,150.4 1 0
cleanr/cleanr/config/validation.go:151.3,151.64 1 0
cleanr/cleanr/config/validation.go:151.64,153.4 1 0
cleanr/cleanr/config/validation.go:156.2,156.69 1 1
cleanr/cleanr/config/validation.go:156.69,157.17 1 1
cleanr/cleanr/config/validation.go:158.32,158.32 0 1
cleanr/cleanr/config/validation.go:159.11,160.147 1 0
cleanr/cleanr/config/validation.go:164.2,164.19 1 1
cleanr/cleanr/config/validation.go:164.19,166.3 1 0
cleanr/cleanr/config/validation.go:167.2,167.12 1 1
cleanr/cleanr/config/validation.go:170.72,171.36 1 1
cleanr/cleanr/config/validation.go:171.36,173.3 1 0
cleanr/cleanr/config/validation.go:176.86,177.16 1 0
cleanr/cleanr/config/validation.go:177.16,179.3 1 0
cleanr/cleanr/config/validation.go:182.89,183.43 1 0
cleanr/cleanr/config/validation.go:184.34,185.122 1 0
cleanr/cleanr/config/validation.go:186.15,188.49 2 0
cleanr/cleanr/config/validation.go:188.49,189.63 1 0
cleanr/cleanr/config/validation.go:189.63,191.5 1 0
cleanr/cleanr/config/validation.go:193.19,194.168 1 0
cleanr/cleanr/config/validation.go:195.21,196.32 1 0
cleanr/cleanr/config/validation.go:196.32,198.4 1 0
cleanr/cleanr/config/validation.go:198.9,198.68 1 0
cleanr/cleanr/config/validation.go:198.68,200.4 1 0
cleanr/cleanr/config/validation.go:201.20,202.32 1 0
cleanr/cleanr/config/validation.go:202.32,204.4 1 0
cleanr/cleanr/config/validation.go:204.9,204.37 1 0
cleanr/cleanr/config/validation.go:204.37,206.4 1 0
cleanr/cleanr/config/validation.go:207.41,208.114 1 0
cleanr/cleanr/config/validation.go:209.25,210.32 1 0
cleanr/cleanr/config/validation.go:210.32,212.4 1 0
cleanr/cleanr/config/validation.go:212.9,212.37 1 0
cleanr/cleanr/config/validation.go:212.37,214.4 1 0
cleanr/cleanr/config/validation.go:215.10,216.206 1 0
cleanr/cleanr/config/validation.go:219.2,219.71 1 0
cleanr/cleanr/config/validation.go:219.71,220.19 1 0
cleanr/cleanr/config/validation.go:221.44,221.44 0 0
cleanr/cleanr/config/validation.go:222.11,223.153 1 0
cleanr/cleanr/core/types.go:236.47,238.2 1 1
cleanr/cleanr/core/types.go:240.43,241.37 1 1
cleanr/cleanr/core/types.go:241.37,243.3 1 0
cleanr/cleanr/core/types.go:244.2,244.51 1 1
cleanr/cleanr/core/types.go:247.45,248.40 1 1
cleanr/cleanr/core/types.go:248.40,250.3 1 0
cleanr/cleanr/core/types.go:251.2,251.54 1 1
cleanr/cleanr/core/types.go:254.48,255.40 1 1
cleanr/cleanr/core/types.go:255.40,257.3 1 0
cleanr/cleanr/core/types.go:258.2,258.37 1 1
cleanr/cleanr/core/types.go:261.47,262.22 1 1
cleanr/cleanr/core/types.go:262.22,264.3 1 0
cleanr/cleanr/core/types.go:265.2,265.20 1 1
cleanr/cleanr/engines/assertions.go:13.92,15.26 2 1
cleanr/cleanr/engines/assertions.go:15.26,17.3 1 0
cleanr/cleanr/engines/assertions.go:19.2,21.39 3 1
cleanr/cleanr/engines/assertions.go:21.39,22.66 1 1
cleanr/cleanr/engines/assertions.go:22.66,24.4 1 0
cleanr/cleanr/engines/assertions.go:26.2,26.17 1 1
cleanr/cleanr/engines/assertions.go:29.66,32.53 3 1
cleanr/cleanr/engines/assertions.go:32.53,39.3 1 1
cleanr/cleanr/engines/assertions.go:40.2,40.55 1 1
cleanr/cleanr/engines/assertions.go:40.55,47.3 1 0
cleanr/cleanr/engines/assertions.go:48.2,48.19 1 1
cleanr/cleanr/engines/assertions.go:51.112,53.23 2 1
cleanr/cleanr/engines/assertions.go:54.18,57.112 3 1
cleanr/cleanr/engines/assertions.go:57.112,59.4 1 0
cleanr/cleanr/engines/assertions.go:60.22,63.110 3 0
cleanr/cleanr/engines/assertions.go:63.110,65.4 1 0
cleanr/cleanr/engines/assertions.go:66.15,69.10 3 0
cleanr/cleanr/engines/assertions.go:69.10,71.4 1 0
cleanr/cleanr/engines/assertions.go:72.3,73.29 2 0
cleanr/cleanr/engines/assertions.go:73.29,75.4 1 0
cleanr/cleanr/engines/assertions.go:76.19,78.10 2 0
cleanr/cleanr/engines/assertions.go:78.10,80.4 1 0
cleanr/cleanr/engines/assertions.go:81.3,81.98 1 0
cleanr/cleanr/engines/assertions.go:81.98,83.4 1 0
cleanr/cleanr/engines/assertions.go:84.21,85.74 1 0
cleanr/cleanr/engines/assertions.go:85.74,87.4 1 0
cleanr/cleanr/engines/assertions.go:88.20,89.92 1 0
cleanr/cleanr/engines/assertions.go:89.92,91.4 1 0
cleanr/cleanr/engines/assertions.go:92.23,93.54 1 0
cleanr/cleanr/engines/assertions.go:93.54,95.4 1 0
cleanr/cleanr/engines/assertions.go:96.25,97.89 1 0
cleanr/cleanr/engines/assertions.go:97.89,99.4 1 0
cleanr/cleanr/engines/assertions.go:100.24,101.54 1 0
cleanr/cleanr/engines/assertions.go:101.54,102.40 1 0
cleanr/cleanr/engines/assertions.go:102.40,104.5 1 0
cleanr/cleanr/engines/assertions.go:106.3,106.119 1 0
cleanr/cleanr/engines/assertions.go:108.2,108.30 1 1
cleanr/cleanr/engines/assertions.go:111.60,112.45 1 1
cleanr/cleanr/engines/assertions.go:112.45,114.3 1 0
cleanr/cleanr/engines/assertions.go:115.2,115.24 1 1
cleanr/cleanr/engines/assertions.go:118.82,120.19 2 0
cleanr/cleanr/engines/assertions.go:120.19,122.3 1 0
cleanr/cleanr/engines/assertions.go:123.2,124.20 2 0
cleanr/cleanr/engines/assertions.go:124.20,126.3 1 0
cleanr/cleanr/engines/assertions.go:127.2,130.3 1 0
cleanr/cleanr/engines/assertions.go:133.60,154.2 2 1
cleanr/cleanr/engines/assertions.go:156.38,157.20 1 1
cleanr/cleanr/engines/assertions.go:157.20,159.3 1 0
cleanr/cleanr/engines/assertions.go:160.2,161.55 2 1
cleanr/cleanr/engines/assertions.go:161.55,163.3 1 0
cleanr/cleanr/engines/assertions.go:164.2,164.16 1 1
cleanr/cleanr/engines/assertions.go:167.41,168.14 1 1
cleanr/cleanr/engines/assertions.go:168.14,170.3 1 0
cleanr/cleanr/engines/assertions.go:171.2,172.16 2 1
cleanr/cleanr/engines/assertions.go:172.16,174.3 1 0
cleanr/cleanr/engines/assertions.go:175.2,176.55 2 1
cleanr/cleanr/engines/assertions.go:176.55,178.3 1 0
cleanr/cleanr/engines/assertions.go:179.2,179.16 1 1
cleanr/cleanr/engines/assertions.go:182.62,184.70 2 1
cleanr/cleanr/engines/assertions.go:184.70,185.20 1 1
cleanr/cleanr/engines/assertions.go:185.20,187.4 1 0
cleanr/cleanr/engines/assertions.go:188.3,188.34 1 1
cleanr/cleanr/engines/assertions.go:189.23,191.11 2 1
cleanr/cleanr/engines/assertions.go:191.11,193.5 1 0
cleanr/cleanr/engines/assertions.go:194.4,194.18 1 1
cleanr/cleanr/engines/assertions.go:195.14,197.54 2 0
cleanr/cleanr/engines/assertions.go:197.54,199.5 1 0
cleanr/cleanr/engines/assertions.go:200.4,200.26 1 0
cleanr/cleanr/engines/assertions.go:201.11,202.21 1 0
cleanr/cleanr/engines/assertions.go:205.2,205.22 1 1
cleanr/cleanr/engines/assertions.go:208.41,209.27 1 1
cleanr/cleanr/engines/assertions.go:210.11,211.12 1 0
cleanr/cleanr/engines/assertions.go:212.14,213.15 1 1
cleanr/cleanr/engines/assertions.go:214.12,215.12 1 0
cleanr/cleanr/engines/assertions.go:215.12,217.4 1 0
cleanr/cleanr/engines/assertions.go:218.3,218.17 1 0
cleanr/cleanr/engines/assertions.go:219.15,220.49 1 0
cleanr/cleanr/engines/assertions.go:221.11,222.29 1 0
cleanr/cleanr/engines/assertions.go:223.13,224.38 1 0
cleanr/cleanr/engines/assertions.go:225.10,227.17 2 0
cleanr/cleanr/engines/assertions.go:227.17,229.4 1 0
cleanr/cleanr/engines/assertions.go:230.3,230.22 1 0
cleanr/cleanr/engines/chaos.go:15.34,15.52 1 0
cleanr/cleanr/engines/chaos.go:17.87,20.22 3 0
cleanr/cleanr/engines/chaos.go:20.22,22.3 1 0
cleanr/cleanr/engines/chaos.go:23.2,26.51 3 0
cleanr/cleanr/engines/chaos.go:26.51,27.32 1 0
cleanr/cleanr/engines/chaos.go:27.32,35.17 3 0
cleanr/cleanr/engines/chaos.go:36.26,37.73 1 0
cleanr/cleanr/engines/chaos.go:38.28,39.93 1 0
cleanr/cleanr/engines/chaos.go:40.26,41.56 1 0
cleanr/cleanr/engines/chaos.go:43.4,46.15 4 0
cleanr/cleanr/engines/chaos.go:46.15,48.5 1 0
cleanr/cleanr/engines/chaos.go:49.4,58.6 1 0
cleanr/cleanr/engines/chaos.go:62.2,63.20 2 0
cleanr/cleanr/engines/chaos.go:63.20,65.3 1 0
cleanr/cleanr/engines/chaos.go:66.2,68.13 3 0
cleanr/cleanr/engines/chaos.go:68.13,70.3 1 0
cleanr/cleanr/engines/chaos.go:71.2,79.3 1 0
cleanr/cleanr/engines/defaults.go:5.45,7.40 2 1
cleanr/cleanr/engines/defaults.go:7.40,9.3 1 0
cleanr/cleanr/engines/defaults.go:10.2,10.33 1 1
cleanr/cleanr/engines/defaults.go:10.33,12.3 1 1
cleanr/cleanr/engines/defaults.go:13.2,13.29 1 1
cleanr/cleanr/engines/defaults.go:13.29,15.3 1 0
cleanr/cleanr/engines/defaults.go:16.2,16.30 1 1
cleanr/cleanr/engines/defaults.go:16.30,18.3 1 0
cleanr/cleanr/engines/defaults.go:19.2,19.30 1 1
cleanr/cleanr/engines/defaults.go:19.30,21.3 1 0
cleanr/cleanr/engines/defaults.go:22.2,22.42 1 1
cleanr/cleanr/engines/defaults.go:22.42,24.3 1 0
cleanr/cleanr/engines/defaults.go:25.2,25.12 1 1
cleanr/cleanr/engines/drift.go:13.34,13.52 1 0
cleanr/cleanr/engines/drift.go:15.87,18.22 3 0
cleanr/cleanr/engines/drift.go:18.22,20.3 1 0
cleanr/cleanr/engines/drift.go:21.2,22.34 2 0
cleanr/cleanr/engines/drift.go:22.34,26.39 4 0
cleanr/cleanr/engines/drift.go:26.39,33.23 2 0
cleanr/cleanr/engines/drift.go:33.23,35.13 2 0
cleanr/cleanr/engines/drift.go:37.4,37.44 1 0
cleanr/cleanr/engines/drift.go:39.3,40.37 2 0
cleanr/cleanr/engines/drift.go:40.37,42.4 1 0
cleanr/cleanr/engines/drift.go:43.3,43.44 1 0
cleanr/cleanr/engines/drift.go:43.44,45.4 1 0
cleanr/cleanr/engines/drift.go:46.3,56.5 1 0
cleanr/cleanr/engines/drift.go:58.2,58.80 1 0
cleanr/cleanr/engines/helpers.go:13.78,15.21 2 1
cleanr/cleanr/engines/helpers.go:15.21,17.3 1 0
cleanr/cleanr/engines/helpers.go:18.2,18.69 1 1
cleanr/cleanr/engines/helpers.go:18.69,20.3 1 0
cleanr/cleanr/engines/helpers.go:21.2,21.28 1 1
cleanr/cleanr/engines/helpers.go:21.28,23.3 1 0
cleanr/cleanr/engines/helpers.go:24.2,24.53 1 1
cleanr/cleanr/engines/helpers.go:24.53,26.3 1 0
cleanr/cleanr/engines/helpers.go:27.2,27.33 1 1
cleanr/cleanr/engines/helpers.go:27.33,28.74 1 0
cleanr/cleanr/engines/helpers.go:28.74,30.4 1 0
cleanr/cleanr/engines/helpers.go:32.2,32.17 1 1
cleanr/cleanr/engines/helpers.go:35.78,36.17 1 1
cleanr/cleanr/engines/helpers.go:36.17,38.3 1 0
cleanr/cleanr/engines/helpers.go:39.2,40.31 2 1
cleanr/cleanr/engines/helpers.go:40.31,42.3 1 1
cleanr/cleanr/engines/helpers.go:43.2,43.25 1 1
cleanr/cleanr/engines/helpers.go:43.25,45.3 1 1
cleanr/cleanr/engines/helpers.go:46.2,46.28 1 1
cleanr/cleanr/engines/helpers.go:46.28,48.3 1 1
cleanr/cleanr/engines/helpers.go:49.2,49.27 1 1
cleanr/cleanr/engines/helpers.go:49.27,51.3 1 1
cleanr/cleanr/engines/helpers.go:52.2,52.29 1 1
cleanr/cleanr/engines/helpers.go:52.29,54.3 1 1
cleanr/cleanr/engines/helpers.go:55.2,55.35 1 1
cleanr/cleanr/engines/helpers.go:55.35,57.3 1 1
cleanr/cleanr/engines/helpers.go:58.2,58.35 1 1
cleanr/cleanr/engines/helpers.go:58.35,60.3 1 0
cleanr/cleanr/engines/helpers.go:61.2,61.35 1 1
cleanr/cleanr/engines/helpers.go:61.35,64.3 2 0
cleanr/cleanr/engines/helpers.go:65.2,65.29 1 1
cleanr/cleanr/engines/helpers.go:65.29,67.3 1 1
cleanr/cleanr/engines/helpers.go:68.2,68.13 1 1
cleanr/cleanr/engines/helpers.go:71.86,72.20 1 0
cleanr/cleanr/engines/helpers.go:72.20,74.3 1 0
cleanr/cleanr/engines/helpers.go:75.2,76.37 2 0
cleanr/cleanr/engines/helpers.go:76.37,77.29 1 0
cleanr/cleanr/engines/helpers.go:77.29,78.38 1 0
cleanr/cleanr/engines/helpers.go:78.38,79.20 1 0
cleanr/cleanr/engines/helpers.go:79.20,81.23 2 0
cleanr/cleanr/engines/helpers.go:87.2,87.12 1 0
cleanr/cleanr/engines/helpers.go:90.56,91.22 1 0
cleanr/cleanr/engines/helpers.go:91.22,93.3 1 0
cleanr/cleanr/engines/helpers.go:94.2,96.36 3 0
cleanr/cleanr/engines/helpers.go:96.36,97.41 1 0
cleanr/cleanr/engines/helpers.go:97.41,100.4 2 0
cleanr/cleanr/engines/helpers.go:102.2,103.25 2 0
cleanr/cleanr/engines/helpers.go:106.46,107.12 1 0
cleanr/cleanr/engines/helpers.go:107.12,109.3 1 0
cleanr/cleanr/engines/helpers.go:110.2,112.34 3 0
cleanr/cleanr/engines/helpers.go:112.34,114.3 1 0
cleanr/cleanr/engines/helpers.go:115.2,117.16 3 0
cleanr/cleanr/engines/helpers.go:117.16,119.3 1 0
cleanr/cleanr/engines/helpers.go:120.2,120.30 1 0
cleanr/cleanr/engines/helpers.go:123.35,124.17 1 0
cleanr/cleanr/engines/helpers.go:124.17,126.3 1 0
cleanr/cleanr/engines/helpers.go:127.2,127.17 1 0
cleanr/cleanr/engines/helpers.go:127.17,129.3 1 0
cleanr/cleanr/engines/helpers.go:130.2,132.22 3 0
cleanr/cleanr/engines/helpers.go:132.22,134.3 1 0
cleanr/cleanr/engines/helpers.go:135.2,135.31 1 0
cleanr/cleanr/engines/helpers.go:135.31,137.32 2 0
cleanr/cleanr/engines/helpers.go:137.32,139.24 2 0
cleanr/cleanr/engines/helpers.go:139.24,141.5 1 0
cleanr/cleanr/engines/helpers.go:142.4,142.56 1 0
cleanr/cleanr/engines/helpers.go:144.3,144.18 1 0
cleanr/cleanr/engines/helpers.go:146.2,146.21 1 0
cleanr/cleanr/engines/helpers.go:149.37,150.19 1 0
cleanr/cleanr/engines/helpers.go:150.19,152.3 1 0
cleanr/cleanr/engines/helpers.go:153.2,153.24 1 0
cleanr/cleanr/engines/helpers.go:156.49,157.29 1 0
cleanr/cleanr/engines/helpers.go:157.29,158.49 1 0
cleanr/cleanr/engines/helpers.go:158.49,160.4 1 0
cleanr/cleanr/engines/helpers.go:162.2,162.14 1 0
cleanr/cleanr/engines/helpers.go:165.46,166.26 1 1
cleanr/cleanr/engines/helpers.go:166.26,167.16 1 1
cleanr/cleanr/engines/helpers.go:167.16,169.4 1 0
cleanr/cleanr/engines/helpers.go:171.2,171.13 1 1
cleanr/cleanr/engines/helpers.go:174.63,175.23 1 0
cleanr/cleanr/engines/helpers.go:175.23,177.3 1 0
cleanr/cleanr/engines/helpers.go:178.2,179.37 2 0
cleanr/cleanr/engines/helpers.go:179.37,179.61 1 0
cleanr/cleanr/engines/helpers.go:180.2,181.13 2 0
cleanr/cleanr/engines/helpers.go:181.13,183.3 1 0
cleanr/cleanr/engines/helpers.go:184.2,184.20 1 0
cleanr/cleanr/engines/helpers.go:184.20,186.3 1 0
cleanr/cleanr/engines/helpers.go:187.2,187.16 1 0
cleanr/cleanr/engines/helpers.go:190.28,191.20 1 0
cleanr/cleanr/engines/helpers.go:191.20,193.3 1 0
cleanr/cleanr/engines/helpers.go:194.2,194.11 1 0
cleanr/cleanr/engines/helpers.go:194.11,196.3 1 0
cleanr/cleanr/engines/helpers.go:197.2,197.10 1 0
cleanr/cleanr/engines/helpers.go:200.24,201.11 1 0
cleanr/cleanr/engines/helpers.go:201.11,203.3 1 0
cleanr/cleanr/engines/helpers.go:204.2,204.10 1 0
cleanr/cleanr/engines/load.go:15.33,15.50 1 0
cleanr/cleanr/engines/load.go:17.86,31.43 8 0
cleanr/cleanr/engines/load.go:31.43,33.19 2 0
cleanr/cleanr/engines/load.go:33.19,35.45 2 0
cleanr/cleanr/engines/load.go:35.45,44.5 3 0
cleanr/cleanr/engines/load.go:48.2,50.20 3 0
cleanr/cleanr/engines/load.go:50.20,52.3 1 0
cleanr/cleanr/engines/load.go:54.2,56.28 3 0
cleanr/cleanr/engines/load.go:56.28,58.55 2 0
cleanr/cleanr/engines/load.go:58.55,60.4 1 0
cleanr/cleanr/engines/load.go:62.2,64.22 3 0
cleanr/cleanr/engines/load.go:64.22,66.3 1 0
cleanr/cleanr/engines/load.go:67.2,69.37 3 0
cleanr/cleanr/engines/load.go:69.37,72.3 2 0
cleanr/cleanr/engines/load.go:73.2,73.60 1 0
cleanr/cleanr/engines/load.go:73.60,76.3 2 0
cleanr/cleanr/engines/load.go:77.2,93.3 1 0
cleanr/cleanr/engines/prompt_injection.go:13.44,13.73 1 0
cleanr/cleanr/engines/prompt_injection.go:15.97,18.47 3 0
cleanr/cleanr/engines/prompt_injection.go:18.47,35.46 7 0
cleanr/cleanr/engines/prompt_injection.go:35.46,36.55 1 0
cleanr/cleanr/engines/prompt_injection.go:36.55,38.10 2 0
cleanr/cleanr/engines/prompt_injection.go:41.3,43.15 3 0
cleanr/cleanr/engines/prompt_injection.go:43.15,45.4 1 0
cleanr/cleanr/engines/prompt_injection.go:46.3,46.14 1 0
cleanr/cleanr/engines/prompt_injection.go:46.14,48.4 1 0
cleanr/cleanr/engines/prompt_injection.go:49.3,58.5 1 0
cleanr/cleanr/engines/prompt_injection.go:60.2,60.91 1 0
cleanr/cleanr/engines/security.go:15.37,15.58 1 0
cleanr/cleanr/engines/security.go:17.90,25.43 4 1
cleanr/cleanr/engines/security.go:25.43,26.53 1 0
cleanr/cleanr/engines/security.go:26.53,28.4 1 0
cleanr/cleanr/engines/security.go:31.2,32.51 2 1
cleanr/cleanr/engines/security.go:32.51,44.34 7 1
cleanr/cleanr/engines/security.go:44.34,46.4 1 1
cleanr/cleanr/engines/security.go:47.3,47.36 1 1
cleanr/cleanr/engines/security.go:47.36,48.49 1 0
cleanr/cleanr/engines/security.go:48.49,50.5 1 0
cleanr/cleanr/engines/security.go:52.3,52.37 1 1
cleanr/cleanr/engines/security.go:52.37,54.4 1 0
cleanr/cleanr/engines/security.go:55.3,55.57 1 1
cleanr/cleanr/engines/security.go:55.57,56.75 1 0
cleanr/cleanr/engines/security.go:56.75,58.5 1 0
cleanr/cleanr/engines/security.go:60.3,60.58 1 1
cleanr/cleanr/engines/security.go:60.58,61.41 1 0
cleanr/cleanr/engines/security.go:61.41,63.5 1 0
cleanr/cleanr/engines/security.go:65.3,76.5 1 1
cleanr/cleanr/engines/security.go:78.2,78.83 1 1
cleanr/cleanr/engines/token_analysis.go:11.82,12.93 1 0
cleanr/cleanr/engines/token_analysis.go:12.93,14.29 2 0
cleanr/cleanr/engines/token_analysis.go:14.29,16.4 1 0
cleanr/cleanr/engines/token_analysis.go:17.3,17.15 1 0
cleanr/cleanr/engines/token_analysis.go:19.2,26.3 3 0
cleanr/cleanr/engines/token_analysis.go:29.38,31.16 2 0
cleanr/cleanr/engines/token_analysis.go:31.16,33.3 1 0
cleanr/cleanr/engines/token_analysis.go:34.2,36.29 3 0
cleanr/cleanr/engines/token_analysis.go:36.29,38.55 2 0
cleanr/cleanr/engines/token_analysis.go:38.55,40.12 2 0
cleanr/cleanr/engines/token_analysis.go:42.3,42.53 1 0
cleanr/cleanr/engines/token_analysis.go:44.2,44.16 1 0
cleanr/cleanr/engines/token_analysis.go:44.16,46.3 1 0
cleanr/cleanr/engines/token_analysis.go:47.2,47.14 1 0
cleanr/cleanr/engines/token_analysis.go:50.44,52.22 2 0
cleanr/cleanr/engines/token_analysis.go:52.22,54.3 1 0
cleanr/cleanr/engines/token_analysis.go:55.2,56.21 2 0
cleanr/cleanr/engines/token_analysis.go:56.21,58.3 1 0
cleanr/cleanr/engines/token_analysis.go:59.2,61.29 3 0
cleanr/cleanr/engines/token_analysis.go:61.29,63.16 2 0
cleanr/cleanr/engines/token_analysis.go:63.16,64.12 1 0
cleanr/cleanr/engines/token_analysis.go:66.3,67.18 2 0
cleanr/cleanr/engines/token_analysis.go:67.18,68.12 1 0
cleanr/cleanr/engines/token_analysis.go:70.3,70.20 1 0
cleanr/cleanr/engines/token_analysis.go:70.20,72.4 1 0
cleanr/cleanr/engines/token_analysis.go:73.3,73.14 1 0
cleanr/cleanr/engines/token_analysis.go:75.2,75.68 1 0
cleanr/cleanr/engines/token_analysis.go:78.44,82.27 4 0
cleanr/cleanr/engines/token_analysis.go:82.27,84.17 2 0
cleanr/cleanr/engines/token_analysis.go:84.17,85.12 1 0
cleanr/cleanr/engines/token_analysis.go:87.3,87.30 1 0
cleanr/cleanr/engines/token_analysis.go:89.2,89.14 1 0
cleanr/cleanr/engines/token_analysis.go:92.125,94.49 2 0
cleanr/cleanr/engines/token_analysis.go:94.49,96.3 1 0
cleanr/cleanr/engines/token_analysis.go:97.2,97.53 1 0
cleanr/cleanr/engines/token_analysis.go:97.53,99.3 1 0
cleanr/cleanr/engines/token_analysis.go:100.2,100.55 1 0
cleanr/cleanr/engines/token_analysis.go:100.55,102.3 1 0
cleanr/cleanr/engines/token_analysis.go:103.2,103.24 1 0
cleanr/cleanr/engines/token_analysis.go:106.149,108.91 2 0
cleanr/cleanr/engines/token_analysis.go:108.91,110.3 1 0
cleanr/cleanr/engines/token_analysis.go:111.2,111.92 1 0
cleanr/cleanr/engines/token_analysis.go:111.92,113.3 1 0
cleanr/cleanr/engines/token_analysis.go:114.2,114.53 1 0
cleanr/cleanr/engines/token_analysis.go:114.53,116.3 1 0
cleanr/cleanr/engines/token_analysis.go:117.2,117.44 1 0
cleanr/cleanr/engines/token_analysis.go:117.44,119.3 1 0
cleanr/cleanr/engines/token_analysis.go:120.2,120.21 1 0
cleanr/cleanr/engines/token_analysis.go:120.21,122.3 1 0
cleanr/cleanr/engines/token_analysis.go:123.2,123.14 1 0
cleanr/cleanr/engines/token_analysis.go:126.32,128.2 1 0
cleanr/cleanr/engines/token_analysis.go:130.38,132.2 1 0
cleanr/cleanr/engines/token_optimization.go:14.46,14.77 1 0
cleanr/cleanr/engines/token_optimization.go:16.99,24.51 7 0
cleanr/cleanr/engines/token_optimization.go:24.51,37.28 8 0
cleanr/cleanr/engines/token_optimization.go:37.28,39.4 1 0
cleanr/cleanr/engines/token_optimization.go:40.3,44.23 5 0
cleanr/cleanr/engines/token_optimization.go:44.23,46.4 1 0
cleanr/cleanr/engines/token_optimization.go:48.3,48.45 1 0
cleanr/cleanr/engines/token_optimization.go:48.45,50.4 1 0
cleanr/cleanr/engines/token_optimization.go:51.3,51.47 1 0
cleanr/cleanr/engines/token_optimization.go:51.47,53.4 1 0
cleanr/cleanr/engines/token_optimization.go:54.3,54.45 1 0
cleanr/cleanr/engines/token_optimization.go:54.45,56.4 1 0
cleanr/cleanr/engines/token_optimization.go:57.3,57.49 1 0
cleanr/cleanr/engines/token_optimization.go:57.49,59.4 1 0
cleanr/cleanr/engines/token_optimization.go:60.3,60.50 1 0
cleanr/cleanr/engines/token_optimization.go:60.50,62.4 1 0
cleanr/cleanr/engines/token_optimization.go:63.3,63.54 1 0
cleanr/cleanr/engines/token_optimization.go:63.54,65.4 1 0
cleanr/cleanr/engines/token_optimization.go:67.3,84.5 1 0
cleanr/cleanr/engines/token_optimization.go:87.2,99.3 2 0
cleanr/internal/cli/cli.go:20.55,21.20 1 1
cleanr/internal/cli/cli.go:21.20,24.3 2 0
cleanr/internal/cli/cli.go:26.2,26.17 1 1
cleanr/internal/cli/cli.go:27.13,28.42 1 1
cleanr/internal/cli/cli.go:29.18,30.47 1 1
cleanr/internal/cli/cli.go:31.14,32.43 1 0
cleanr/internal/cli/cli.go:33.13,34.42 1 0
cleanr/internal/cli/cli.go:35.17,37.11 2 0
cleanr/internal/cli/cli.go:38.10,40.11 2 0
cleanr/internal/cli/cli.go:44.58,51.39 7 1
cleanr/internal/cli/cli.go:51.39,53.3 1 0
cleanr/internal/cli/cli.go:55.2,56.16 2 1
cleanr/internal/cli/cli.go:56.16,59.3 2 0
cleanr/internal/cli/cli.go:61.2,62.16 2 1
cleanr/internal/cli/cli.go:62.16,65.3 2 0
cleanr/internal/cli/cli.go:66.2,66.19 1 1
cleanr/internal/cli/cli.go:66.19,68.3 1 1
cleanr/internal/cli/cli.go:69.2,69.19 1 1
cleanr/internal/cli/cli.go:69.19,71.3 1 0
cleanr/internal/cli/cli.go:73.2,74.18 2 1
cleanr/internal/cli/cli.go:74.18,78.3 3 0
cleanr/internal/cli/cli.go:79.2,82.32 3 1
cleanr/internal/cli/cli.go:82.32,84.17 2 0
cleanr/internal/cli/cli.go:84.17,87.4 2 0
cleanr/internal/cli/cli.go:88.3,89.11 2 0
cleanr/internal/cli/cli.go:91.2,91.79 1 1
cleanr/internal/cli/cli.go:91.79,94.3 2 0
cleanr/internal/cli/cli.go:95.2,95.66 1 1
cleanr/internal/cli/cli.go:95.66,97.3 1 0
cleanr/internal/cli/cli.go:98.2,98.19 1 1
cleanr/internal/cli/cli.go:98.19,100.3 1 1
cleanr/internal/cli/cli.go:101.2,101.10 1 0
cleanr/internal/cli/cli.go:104.63,108.39 4 1
cleanr/internal/cli/cli.go:108.39,110.3 1 0
cleanr/internal/cli/cli.go:112.2,113.16 2 1
cleanr/internal/cli/cli.go:113.16,116.3 2 0
cleanr/internal/cli/cli.go:118.2,119.16 2 1
cleanr/internal/cli/cli.go:119.16,122.3 2 0
cleanr/internal/cli/cli.go:123.2,124.10 2 1
cleanr/internal/cli/cli.go:127.59,131.39 4 0
cleanr/internal/cli/cli.go:131.39,133.3 1 0
cleanr/internal/cli/cli.go:134.2,135.59 2 0
cleanr/internal/cli/cli.go:135.59,138.3 2 0
cleanr/internal/cli/cli.go:139.2,140.10 2 0
cleanr/internal/cli/cli.go:143.58,146.39 3 0
cleanr/internal/cli/cli.go:146.39,148.3 1 0
cleanr/internal/cli/cli.go:149.2,149.86 1 0
cleanr/internal/cli/cli.go:149.86,152.3 2 0
cleanr/internal/cli/cli.go:153.2,153.10 1 0
cleanr/internal/cli/cli.go:156.25,158.2 1 0
cleanr/internal/cli/cli.go:160.59,161.22 1 1
cleanr/internal/cli/cli.go:161.22,163.3 1 1
cleanr/internal/cli/cli.go:165.2,166.39 2 0
cleanr/internal/cli/cli.go:166.39,167.47 1 0
cleanr/internal/cli/cli.go:167.47,169.4 1 0
cleanr/internal/cli/cli.go:172.2,172.114 1 0
cleanr/internal/cli/cli.go:175.44,177.29 2 0
cleanr/internal/cli/cli.go:177.29,179.3 1 0
cleanr/internal/cli/cli.go:180.2,180.35 1 0
cleanr/internal/cli/cli.go:183.25,185.16 2 0
cleanr/internal/cli/cli.go:185.16,187.3 1 0
cleanr/internal/cli/cli.go:188.2,188.11 1 0
cleanr/internal/mcpserver/protocol.go:51.60,57.2 1 0
cleanr/internal/mcpserver/protocol.go:59.82,69.2 1 0
cleanr/internal/mcpserver/protocol.go:71.61,73.16 2 0
cleanr/internal/mcpserver/protocol.go:73.16,75.3 1 0
cleanr/internal/mcpserver/protocol.go:76.2,77.12 2 0
cleanr/internal/mcpserver/server.go:23.20,27.2 1 0
cleanr/internal/mcpserver/server.go:29.80,31.6 2 0
cleanr/internal/mcpserver/server.go:31.6,33.17 2 0
cleanr/internal/mcpserver/server.go:33.17,34.30 1 0
cleanr/internal/mcpserver/server.go:34.30,36.5 1 0
cleanr/internal/mcpserver/server.go:37.4,37.14 1 0
cleanr/internal/mcpserver/server.go:40.3,41.21 2 0
cleanr/internal/mcpserver/server.go:41.21,42.12 1 0
cleanr/internal/mcpserver/server.go:45.3,46.18 2 0
cleanr/internal/mcpserver/server.go:46.18,47.12 1 0
cleanr/internal/mcpserver/server.go:49.3,49.49 1 0
cleanr/internal/mcpserver/server.go:49.49,51.4 1 0
cleanr/internal/mcpserver/server.go:55.81,57.51 2 0
cleanr/internal/mcpserver/server.go:57.51,59.3 1 0
cleanr/internal/mcpserver/server.go:60.2,60.34 1 0
cleanr/internal/mcpserver/server.go:63.92,64.26 1 0
cleanr/internal/mcpserver/server.go:64.26,66.3 1 0
cleanr/internal/mcpserver/server.go:68.2,68.20 1 0
cleanr/internal/mcpserver/server.go:69.20,70.33 1 0
cleanr/internal/mcpserver/server.go:71.35,73.13 2 0
cleanr/internal/mcpserver/server.go:74.14,75.51 1 0
cleanr/internal/mcpserver/server.go:76.20,77.62 1 0
cleanr/internal/mcpserver/server.go:77.62,79.4 1 0
cleanr/internal/mcpserver/server.go:80.3,80.67 1 0
cleanr/internal/mcpserver/server.go:81.20,82.62 1 0
cleanr/internal/mcpserver/server.go:82.62,84.4 1 0
cleanr/internal/mcpserver/server.go:85.3,85.36 1 0
cleanr/internal/mcpserver/server.go:86.10,87.54 1 0
cleanr/internal/mcpserver/server.go:87.54,89.4 1 0
cleanr/internal/mcpserver/server.go:90.3,90.108 1 0
cleanr/internal/mcpserver/server.go:94.74,96.25 2 0
cleanr/internal/mcpserver/server.go:96.25,97.61 1 0
cleanr/internal/mcpserver/server.go:97.61,99.4 1 0
cleanr/internal/mcpserver/server.go:102.2,103.66 2 0
cleanr/internal/mcpserver/server.go:103.66,105.3 1 0
cleanr/internal/mcpserver/server.go:107.2,120.4 1 0
cleanr/internal/mcpserver/server.go:123.93,125.60 2 0
cleanr/internal/mcpserver/server.go:125.60,127.3 1 0
cleanr/internal/mcpserver/server.go:128.2,128.42 1 0
cleanr/internal/mcpserver/server.go:128.42,130.3 1 0
cleanr/internal/mcpserver/server.go:131.2,131.29 1 0
cleanr/internal/mcpserver/server.go:131.29,133.3 1 0
cleanr/internal/mcpserver/server.go:135.2,136.16 2 0
cleanr/internal/mcpserver/server.go:136.16,138.3 1 0
cleanr/internal/mcpserver/server.go:139.2,139.40 1 0
cleanr/internal/mcpserver/server.go:142.63,143.19 1 0
cleanr/internal/mcpserver/server.go:143.19,145.3 1 0
cleanr/internal/mcpserver/server.go:146.2,146.77 1 0
cleanr/internal/mcpserver/server.go:149.37,151.2 1 0
cleanr/internal/mcpserver/catalog/catalog.go:9.43,29.2 1 1
cleanr/internal/mcpserver/catalog/catalog.go:31.44,51.2 1 1
cleanr/internal/mcpserver/catalog/catalog.go:53.82,65.2 2 0
cleanr/internal/mcpserver/catalog/catalog.go:67.84,76.2 2 0
cleanr/internal/mcpserver/runtime/config.go:12.51,36.2 1 1
cleanr/internal/mcpserver/runtime/config.go:38.52,58.2 1 1
cleanr/internal/mcpserver/runtime/config.go:60.84,62.57 2 0
cleanr/internal/mcpserver/runtime/config.go:62.57,64.3 1 0
cleanr/internal/mcpserver/runtime/config.go:66.2,68.16 3 0
cleanr/internal/mcpserver/runtime/config.go:68.16,70.3 1 0
cleanr/internal/mcpserver/runtime/config.go:72.2,76.59 2 0
cleanr/internal/mcpserver/runtime/config.go:79.85,81.57 2 0
cleanr/internal/mcpserver/runtime/config.go:81.57,83.3 1 0
cleanr/internal/mcpserver/runtime/config.go:85.2,86.16 2 0
cleanr/internal/mcpserver/runtime/config.go:86.16,92.3 2 0
cleanr/internal/mcpserver/runtime/config.go:94.2,99.136 2 0
cleanr/internal/mcpserver/runtime/report.go:11.41,59.2 1 1
cleanr/internal/mcpserver/runtime/report.go:61.50,90.2 1 1
cleanr/internal/mcpserver/runtime/report.go:92.76,94.57 2 0
cleanr/internal/mcpserver/runtime/report.go:94.57,96.3 1 0
cleanr/internal/mcpserver/runtime/report.go:98.2,103.16 2 0
cleanr/internal/mcpserver/runtime/report.go:103.16,112.3 2 0
cleanr/internal/mcpserver/runtime/report.go:114.2,115.16 2 0
cleanr/internal/mcpserver/runtime/report.go:115.16,117.3 1 0
cleanr/internal/mcpserver/runtime/report.go:118.2,118.63 1 0
cleanr/internal/mcpserver/runtime/report.go:121.83,123.57 2 0
cleanr/internal/mcpserver/runtime/report.go:123.57,125.3 1 0
cleanr/internal/mcpserver/runtime/report.go:127.2,128.74 2 0
cleanr/internal/mcpserver/runtime/report.go:128.74,130.3 1 0
cleanr/internal/mcpserver/runtime/report.go:132.2,133.16 2 0
cleanr/internal/mcpserver/runtime/report.go:133.16,135.3 1 0
cleanr/internal/mcpserver/runtime/report.go:137.2,141.57 2 0
cleanr/internal/mcpserver/toolkit/helpers.go:14.54,16.16 2 0
cleanr/internal/mcpserver/toolkit/helpers.go:16.16,18.3 1 0
cleanr/internal/mcpserver/toolkit/helpers.go:19.2,19.34 1 0
cleanr/internal/mcpserver/toolkit/helpers.go:22.64,23.45 1 0
cleanr/internal/mcpserver/toolkit/helpers.go:23.45,25.3 1 0
cleanr/internal/mcpserver/toolkit/helpers.go:26.2,26.41 1 0
cleanr/internal/mcpserver/toolkit/helpers.go:26.41,28.3 1 0
cleanr/internal/mcpserver/toolkit/helpers.go:29.2,29.85 1 0
cleanr/internal/mcpserver/toolkit/helpers.go:32.54,34.19 2 0
cleanr/internal/mcpserver/toolkit/helpers.go:34.19,36.3 1 0
cleanr/internal/mcpserver/toolkit/helpers.go:37.2,43.3 1 0
cleanr/internal/mcpserver/toolkit/helpers.go:46.50,47.52 1 0
cleanr/internal/mcpserver/toolkit/helpers.go:48.21,49.16 1 0
cleanr/internal/mcpserver/toolkit/helpers.go:50.10,51.16 1 0
cleanr/internal/mcpserver/toolkit/helpers.go:55.50,56.52 1 0
cleanr/internal/mcpserver/toolkit/helpers.go:57.14,58.16 1 0
cleanr/internal/mcpserver/toolkit/helpers.go:59.15,60.17 1 0
cleanr/internal/mcpserver/toolkit/helpers.go:61.10,62.16 1 0
cleanr/internal/mcpserver/toolkit/helpers.go:66.72,68.88 2 0
cleanr/internal/mcpserver/toolkit/helpers.go:68.88,70.3 1 0
cleanr/internal/mcpserver/toolkit/helpers.go:71.2,71.51 1 0
cleanr/internal/mcpserver/toolkit/helpers.go:74.115,76.19 2 0
cleanr/internal/mcpserver/toolkit/helpers.go:76.19,80.3 3 0
cleanr/internal/mcpserver/toolkit/helpers.go:82.2,84.16 3 0
cleanr/internal/mcpserver/toolkit/helpers.go:84.16,86.3 1 0
cleanr/internal/mcpserver/toolkit/helpers.go:88.2,89.20 2 0
cleanr/internal/mcpserver/toolkit/helpers.go:89.20,91.3 1 0
cleanr/internal/mcpserver/toolkit/helpers.go:93.2,101.8 1 0
cleanr/internal/mcpserver/toolkit/helpers.go:104.42,123.2 1 1
cleanr/internal/mcpserver/tools/registry.go:35.33,39.2 3 0
cleanr/internal/mcpserver/tools/registry.go:41.82,43.9 2 0
cleanr/internal/mcpserver/tools/registry.go:43.9,45.3 1 0
cleanr/internal/mcpserver/tools/registry.go:46.2,46.21 1 0
cleanr/internal/testutil/config.go:9.59,13.2 2 0
cleanr/internal/testutil/config.go:15.70,20.67 4 1
cleanr/internal/testutil/config.go:20.67,22.3 1 0
cleanr/internal/testutil/config.go:23.2,23.13 1 1
cleanr/cleanr/facade.go:40.50,42.2 1 1
cleanr/cleanr/facade.go:44.53,46.2 1 1
cleanr/cleanr/facade.go:48.65,50.2 1 0
cleanr/cleanr/facade.go:52.63,54.2 1 0
cleanr/cleanr/facade.go:56.39,58.2 1 0
cleanr/cleanr/facade.go:60.29,62.2 1 1
cleanr/cleanr/facade.go:64.66,66.2 1 0
cleanr/cleanr/facade.go:68.68,70.2 1 0
cleanr/cleanr/facade.go:72.71,74.2 1 0
cleanr/cleanr/report.go:13.67,14.33 1 1
cleanr/cleanr/report.go:15.18,17.13 2 1
cleanr/cleanr/report.go:18.14,21.28 3 1
cleanr/cleanr/report.go:22.15,23.31 1 0
cleanr/cleanr/report.go:24.10,25.61 1 1
cleanr/cleanr/report.go:29.39,32.20 3 1
cleanr/cleanr/report.go:32.20,34.3 1 0
cleanr/cleanr/report.go:35.2,37.34 3 1
cleanr/cleanr/report.go:37.34,39.3 1 1
cleanr/cleanr/report.go:40.2,44.38 4 1
cleanr/cleanr/report.go:44.38,46.20 2 0
cleanr/cleanr/report.go:46.20,48.4 1 0
cleanr/cleanr/report.go:49.3,50.56 2 0
cleanr/cleanr/report.go:50.56,52.4 1 0
cleanr/cleanr/report.go:53.3,54.33 2 0
cleanr/cleanr/report.go:54.33,56.17 2 0
cleanr/cleanr/report.go:56.17,58.5 1 0
cleanr/cleanr/report.go:59.4,60.52 2 0
cleanr/cleanr/report.go:60.52,62.5 1 0
cleanr/cleanr/report.go:63.4,64.33 2 0
cleanr/cleanr/report.go:64.33,66.5 1 0
cleanr/cleanr/report.go:68.3,68.36 1 0
cleanr/cleanr/report.go:68.36,70.4 1 0
cleanr/cleanr/report.go:71.3,71.52 1 0
cleanr/cleanr/report.go:71.52,73.4 1 0
cleanr/cleanr/report.go:75.2,75.37 1 1
cleanr/cleanr/report.go:75.37,77.46 2 0
cleanr/cleanr/report.go:77.46,79.4 1 0
cleanr/cleanr/report.go:81.2,81.19 1 1
cleanr/cleanr/report.go:109.51,111.38 2 0
cleanr/cleanr/report.go:111.38,117.33 2 0
cleanr/cleanr/report.go:117.33,123.17 2 0
cleanr/cleanr/report.go:123.17,129.5 2 0
cleanr/cleanr/report.go:130.4,130.43 1 0
cleanr/cleanr/report.go:132.3,132.44 1 0
cleanr/cleanr/report.go:134.2,136.27 3 0
cleanr/cleanr/report.go:139.46,141.29 2 0
cleanr/cleanr/report.go:141.29,143.3 1 0
cleanr/cleanr/report.go:144.2,144.34 1 0
cleanr/cleanr/report.go:147.44,149.2 1 0
cleanr/cleanr/report.go:151.49,154.32 3 0
cleanr/cleanr/report.go:154.32,155.16 1 0
cleanr/cleanr/report.go:155.16,157.4 1 0
cleanr/cleanr/report.go:159.2,159.26 1 0
cleanr/cleanr/report.go:159.26,161.3 1 0
cleanr/cleanr/report.go:162.2,162.24 1 0
cleanr/cleanr/report.go:162.24,164.3 1 0
cleanr/cleanr/report.go:165.2,165.35 1 0
cleanr/cleanr/report.go:168.43,170.20 2 0
cleanr/cleanr/report.go:170.20,172.3 1 0
cleanr/cleanr/report.go:173.2,173.17 1 0
cleanr/cleanr/report.go:173.17,175.3 1 0
cleanr/cleanr/report.go:176.2,176.22 1 0
cleanr/cleanr/report.go:176.22,178.3 1 0
cleanr/cleanr/report.go:179.2,180.35 2 0
cleanr/cleanr/report.go:183.48,185.2 1 0
cleanr/cleanr/report.go:187.56,188.22 1 0
cleanr/cleanr/report.go:188.22,190.3 1 0
cleanr/cleanr/report.go:191.2,192.33 2 0
cleanr/cleanr/report.go:192.33,193.34 1 0
cleanr/cleanr/report.go:193.34,194.12 1 0
cleanr/cleanr/report.go:196.3,196.27 1 0
cleanr/cleanr/report.go:198.2,201.27 3 0
cleanr/cleanr/report.go:201.27,203.3 1 0
cleanr/cleanr/report.go:204.2,204.14 1 0
cleanr/cleanr/report.go:207.42,208.22 1 0
cleanr/cleanr/report.go:212.20,213.14 1 0
cleanr/cleanr/report.go:214.10,215.15 1 0
cleanr/cleanr/report.go:219.42,220.27 1 0
cleanr/cleanr/report.go:221.14,222.11 1 0
cleanr/cleanr/report.go:223.15,224.32 1 0
cleanr/cleanr/report.go:225.15,226.32 1 0
cleanr/cleanr/report.go:227.10,228.23 1 0
cleanr/cleanr/runner.go:18.51,25.2 2 1
cleanr/cleanr/runner.go:27.42,30.2 2 1
cleanr/cleanr/runner.go:32.40,34.2 1 1
cleanr/cleanr/runner.go:36.50,44.35 4 1
cleanr/cleanr/runner.go:44.35,50.21 6 1
cleanr/cleanr/runner.go:50.21,52.4 1 1
cleanr/cleanr/runner.go:53.3,53.34 1 1
cleanr/cleanr/runner.go:53.34,55.17 2 1
cleanr/cleanr/runner.go:55.17,57.5 1 1
cleanr/cleanr/runner.go:61.2,64.15 4 1
cleanr/cleanr/runner.go:67.42,69.2 1 1
cleanr/cleanr/runner.go:71.51,73.38 2 1
cleanr/cleanr/runner.go:73.38,74.19 1 1
cleanr/cleanr/runner.go:74.19,75.12 1 0
cleanr/cleanr/runner.go:77.3,77.21 1 1
cleanr/cleanr/runner.go:78.27,79.117 1 0
cleanr/cleanr/runner.go:80.19,81.132 1 1
cleanr/cleanr/runner.go:82.15,83.130 1 0
cleanr/cleanr/runner.go:84.16,85.153 1 0
cleanr/cleanr/runner.go:86.16,87.134 1 0
cleanr/cleanr/runner.go:88.29,89.155 1 0
cleanr/cleanr/runner.go:92.2,92.13 1 1
cleanr/cleanr/adapters/anthropic.go:22.74,24.2 1 0
cleanr/cleanr/adapters/anthropic.go:26.81,29.18 3 0
cleanr/cleanr/adapters/anthropic.go:29.18,31.3 1 0
cleanr/cleanr/adapters/anthropic.go:33.2,35.16 3 0
cleanr/cleanr/adapters/anthropic.go:35.16,37.3 1 0
cleanr/cleanr/adapters/anthropic.go:39.2,40.18 2 0
cleanr/cleanr/adapters/anthropic.go:40.18,42.3 1 0
cleanr/cleanr/adapters/anthropic.go:43.2,47.16 4 0
cleanr/cleanr/adapters/anthropic.go:47.16,49.3 1 0
cleanr/cleanr/adapters/anthropic.go:50.2,53.34 4 0
cleanr/cleanr/adapters/anthropic.go:53.34,55.3 1 0
cleanr/cleanr/adapters/anthropic.go:56.2,56.32 1 0
cleanr/cleanr/adapters/anthropic.go:56.32,58.3 1 0
cleanr/cleanr/adapters/anthropic.go:60.2,63.16 4 0
cleanr/cleanr/adapters/anthropic.go:63.16,65.3 1 0
cleanr/cleanr/adapters/anthropic.go:66.2,69.16 3 0
cleanr/cleanr/adapters/anthropic.go:69.16,71.3 1 0
cleanr/cleanr/adapters/anthropic.go:73.2,74.32 2 0
cleanr/cleanr/adapters/anthropic.go:74.32,84.3 1 0
cleanr/cleanr/adapters/anthropic.go:86.2,94.3 1 0
cleanr/cleanr/adapters/anthropic.go:97.71,108.41 2 0
cleanr/cleanr/adapters/anthropic.go:108.41,110.3 1 0
cleanr/cleanr/adapters/anthropic.go:111.2,111.13 1 0
cleanr/cleanr/adapters/anthropic.go:114.42,116.16 2 0
cleanr/cleanr/adapters/anthropic.go:116.16,118.3 1 0
cleanr/cleanr/adapters/anthropic.go:119.2,119.27 1 0
cleanr/cleanr/adapters/anthropic.go:122.40,123.56 1 0
cleanr/cleanr/adapters/anthropic.go:123.56,125.3 1 0
cleanr/cleanr/adapters/anthropic.go:126.2,126.53 1 0
cleanr/cleanr/adapters/anthropic.go:157.98,159.55 2 0
cleanr/cleanr/adapters/anthropic.go:159.55,161.3 1 0
cleanr/cleanr/adapters/anthropic.go:163.2,165.39 3 0
cleanr/cleanr/adapters/anthropic.go:165.39,166.45 1 0
cleanr/cleanr/adapters/anthropic.go:166.45,168.4 1 0
cleanr/cleanr/adapters/anthropic.go:169.3,169.30 1 0
cleanr/cleanr/adapters/anthropic.go:169.30,176.4 1 0
cleanr/cleanr/adapters/anthropic.go:179.2,194.39 4 0
cleanr/cleanr/adapters/anthropic.go:194.39,196.3 1 0
cleanr/cleanr/adapters/anthropic.go:197.2,197.37 1 0
cleanr/cleanr/adapters/anthropic.go:200.59,202.105 2 0
cleanr/cleanr/adapters/anthropic.go:202.105,204.3 1 0
cleanr/cleanr/adapters/anthropic.go:205.2,205.59 1 0
cleanr/cleanr/adapters/factory.go:11.82,12.26 1 1
cleanr/cleanr/adapters/factory.go:13.16,14.32 1 0
cleanr/cleanr/adapters/factory.go:15.19,16.35 1 0
cleanr/cleanr/adapters/factory.go:17.14,18.30 1 1
cleanr/cleanr/adapters/factory.go:19.10,20.80 1 0
cleanr/cleanr/adapters/factory.go:28.76,30.2 1 0
cleanr/cleanr/adapters/http.go:20.64,22.2 1 1
cleanr/cleanr/adapters/http.go:24.76,27.16 3 1
cleanr/cleanr/adapters/http.go:27.16,29.3 1 0
cleanr/cleanr/adapters/http.go:31.2,32.18 2 1
cleanr/cleanr/adapters/http.go:32.18,34.3 1 0
cleanr/cleanr/adapters/http.go:35.2,39.16 4 1
cleanr/cleanr/adapters/http.go:39.16,41.3 1 0
cleanr/cleanr/adapters/http.go:42.2,42.34 1 1
cleanr/cleanr/adapters/http.go:42.34,44.3 1 1
cleanr/cleanr/adapters/http.go:45.2,45.32 1 1
cleanr/cleanr/adapters/http.go:45.32,47.3 1 0
cleanr/cleanr/adapters/http.go:49.2,52.16 4 1
cleanr/cleanr/adapters/http.go:52.16,54.3 1 1
cleanr/cleanr/adapters/http.go:55.2,58.16 3 0
cleanr/cleanr/adapters/http.go:58.16,60.3 1 0
cleanr/cleanr/adapters/http.go:62.2,73.3 2 0
cleanr/cleanr/adapters/http.go:76.68,78.21 2 1
cleanr/cleanr/adapters/http.go:78.21,80.3 1 1
cleanr/cleanr/adapters/http.go:81.2,81.21 1 1
cleanr/cleanr/adapters/http.go:81.21,83.3 1 0
cleanr/cleanr/adapters/http.go:84.2,90.82 3 1
cleanr/cleanr/adapters/http.go:93.27,95.16 2 1
cleanr/cleanr/adapters/http.go:95.16,97.3 1 0
cleanr/cleanr/adapters/http.go:98.2,99.50 2 1
cleanr/cleanr/adapters/http.go:99.50,101.3 1 0
cleanr/cleanr/adapters/http.go:102.2,102.12 1 1
cleanr/cleanr/adapters/http.go:105.135,106.27 1 1
cleanr/cleanr/adapters/http.go:107.22,108.30 1 1
cleanr/cleanr/adapters/http.go:108.30,110.4 1 1
cleanr/cleanr/adapters/http.go:111.3,112.28 2 1
cleanr/cleanr/adapters/http.go:112.28,114.4 1 1
cleanr/cleanr/adapters/http.go:115.3,115.24 1 1
cleanr/cleanr/adapters/http.go:115.24,116.39 1 0
cleanr/cleanr/adapters/http.go:116.39,118.5 1 0
cleanr/cleanr/adapters/http.go:119.4,119.61 1 0
cleanr/cleanr/adapters/http.go:119.61,120.32 1 0
cleanr/cleanr/adapters/http.go:120.32,122.6 1 0
cleanr/cleanr/adapters/http.go:125.3,125.15 1 1
cleanr/cleanr/adapters/http.go:126.13,127.30 1 0
cleanr/cleanr/adapters/http.go:127.30,129.4 1 0
cleanr/cleanr/adapters/http.go:130.3,130.15 1 0
cleanr/cleanr/adapters/http.go:131.14,133.40 2 1
cleanr/cleanr/adapters/http.go:133.40,135.4 1 1
cleanr/cleanr/adapters/http.go:136.3,136.13 1 1
cleanr/cleanr/adapters/http.go:137.10,138.15 1 0
cleanr/cleanr/adapters/http.go:142.69,144.55 2 0
cleanr/cleanr/adapters/http.go:144.55,146.3 1 0
cleanr/cleanr/adapters/http.go:148.2,149.48 2 0
cleanr/cleanr/adapters/http.go:149.48,151.10 2 0
cleanr/cleanr/adapters/http.go:151.10,153.4 1 0
cleanr/cleanr/adapters/http.go:154.3,155.10 2 0
cleanr/cleanr/adapters/http.go:155.10,157.4 1 0
cleanr/cleanr/adapters/http.go:160.2,160.29 1 0
cleanr/cleanr/adapters/http.go:161.14,162.20 1 0
cleanr/cleanr/adapters/http.go:163.10,165.17 2 0
cleanr/cleanr/adapters/http.go:165.17,167.4 1 0
cleanr/cleanr/adapters/http.go:168.3,168.27 1 0
cleanr/cleanr/adapters/openai.go:22.68,24.2 1 0
cleanr/cleanr/adapters/openai.go:26.78,29.18 3 0
cleanr/cleanr/adapters/openai.go:29.18,31.3 1 0
cleanr/cleanr/adapters/openai.go:33.2,34.16 2 0
cleanr/cleanr/adapters/openai.go:34.16,36.3 1 0
cleanr/cleanr/adapters/openai.go:37.2,38.16 2 0
cleanr/cleanr/adapters/openai.go:38.16,40.3 1 0
cleanr/cleanr/adapters/openai.go:42.2,43.18 2 0
cleanr/cleanr/adapters/openai.go:43.18,45.3 1 0
cleanr/cleanr/adapters/openai.go:46.2,50.16 4 0
cleanr/cleanr/adapters/openai.go:50.16,52.3 1 0
cleanr/cleanr/adapters/openai.go:53.2,54.34 2 0
cleanr/cleanr/adapters/openai.go:54.34,56.3 1 0
cleanr/cleanr/adapters/openai.go:57.2,57.32 1 0
cleanr/cleanr/adapters/openai.go:57.32,59.3 1 0
cleanr/cleanr/adapters/openai.go:60.2,60.47 1 0
cleanr/cleanr/adapters/openai.go:60.47,62.3 1 0
cleanr/cleanr/adapters/openai.go:63.2,63.88 1 0
cleanr/cleanr/adapters/openai.go:63.88,65.3 1 0
cleanr/cleanr/adapters/openai.go:66.2,66.78 1 0
cleanr/cleanr/adapters/openai.go:66.78,68.3 1 0
cleanr/cleanr/adapters/openai.go:70.2,73.16 4 0
cleanr/cleanr/adapters/openai.go:73.16,75.3 1 0
cleanr/cleanr/adapters/openai.go:76.2,79.16 3 0
cleanr/cleanr/adapters/openai.go:79.16,81.3 1 0
cleanr/cleanr/adapters/openai.go:83.2,84.32 2 0
cleanr/cleanr/adapters/openai.go:84.32,94.3 1 0
cleanr/cleanr/adapters/openai.go:96.2,104.3 1 0
cleanr/cleanr/adapters/openai.go:107.77,108.37 1 0
cleanr/cleanr/adapters/openai.go:109.19,114.42 2 0
cleanr/cleanr/adapters/openai.go:114.42,116.4 1 0
cleanr/cleanr/adapters/openai.go:117.3,117.37 1 0
cleanr/cleanr/adapters/openai.go:117.37,119.4 1 0
cleanr/cleanr/adapters/openai.go:120.3,120.19 1 0
cleanr/cleanr/adapters/openai.go:121.26,123.42 2 0
cleanr/cleanr/adapters/openai.go:123.42,128.4 1 0
cleanr/cleanr/adapters/openai.go:129.3,137.37 3 0
cleanr/cleanr/adapters/openai.go:137.37,139.4 1 0
cleanr/cleanr/adapters/openai.go:140.3,140.19 1 0
cleanr/cleanr/adapters/openai.go:141.10,142.81 1 0
cleanr/cleanr/adapters/openai.go:146.39,148.16 2 0
cleanr/cleanr/adapters/openai.go:148.16,150.3 1 0
cleanr/cleanr/adapters/openai.go:151.2,151.37 1 0
cleanr/cleanr/adapters/openai.go:152.26,153.36 1 0
cleanr/cleanr/adapters/openai.go:154.10,155.29 1 0
cleanr/cleanr/adapters/openai.go:159.37,160.53 1 0
cleanr/cleanr/adapters/openai.go:160.53,162.3 1 0
cleanr/cleanr/adapters/openai.go:163.2,163.50 1 0
cleanr/cleanr/adapters/openai.go:166.101,167.37 1 0
cleanr/cleanr/adapters/openai.go:168.26,169.39 1 0
cleanr/cleanr/adapters/openai.go:170.10,171.44 1 0
cleanr/cleanr/adapters/openai.go:236.104,238.55 2 0
cleanr/cleanr/adapters/openai.go:238.55,240.3 1 0
cleanr/cleanr/adapters/openai.go:242.2,244.38 3 0
cleanr/cleanr/adapters/openai.go:244.38,245.40 1 0
cleanr/cleanr/adapters/openai.go:245.40,246.59 1 0
cleanr/cleanr/adapters/openai.go:246.59,248.5 1 0
cleanr/cleanr/adapters/openai.go:250.3,250.65 1 0
cleanr/cleanr/adapters/openai.go:250.65,252.4 1 0
cleanr/cleanr/adapters/openai.go:255.2,263.43 3 0
cleanr/cleanr/adapters/openai.go:263.43,267.3 1 0
cleanr/cleanr/adapters/openai.go:268.2,268.39 1 0
cleanr/cleanr/adapters/openai.go:268.39,270.3 1 0
cleanr/cleanr/adapters/openai.go:271.2,271.67 1 0
cleanr/cleanr/adapters/openai.go:274.99,276.55 2 0
cleanr/cleanr/adapters/openai.go:276.55,278.3 1 0
cleanr/cleanr/adapters/openai.go:279.2,279.31 1 0
cleanr/cleanr/adapters/openai.go:279.31,285.27 2 0
cleanr/cleanr/adapters/openai.go:285.27,287.4 1 0
cleanr/cleanr/adapters/openai.go:288.3,288.69 1 0
cleanr/cleanr/adapters/openai.go:291.2,302.26 5 0
cleanr/cleanr/adapters/openai.go:302.26,304.3 1 0
cleanr/cleanr/adapters/openai.go:305.2,305.39 1 0
cleanr/cleanr/adapters/openai.go:305.39,307.3 1 0
cleanr/cleanr/adapters/openai.go:308.2,308.58 1 0
cleanr/cleanr/adapters/openai.go:308.58,310.3 1 0
cleanr/cleanr/adapters/openai.go:311.2,311.67 1 0
cleanr/cleanr/adapters/openai.go:314.59,315.20 1 0
cleanr/cleanr/adapters/openai.go:315.20,317.3 1 0
cleanr/cleanr/adapters/openai.go:318.2,318.33 1 0
cleanr/cleanr/adapters/openai.go:319.14,320.20 1 0
cleanr/cleanr/adapters/openai.go:321.13,323.30 2 0
cleanr/cleanr/adapters/openai.go:323.30,325.11 2 0
cleanr/cleanr/adapters/openai.go:325.11,326.13 1 0
cleanr/cleanr/adapters/openai.go:328.4,328.58 1 0
cleanr/cleanr/adapters/openai.go:328.58,330.5 1 0
cleanr/cleanr/adapters/openai.go:332.3,332.59 1 0
cleanr/cleanr/adapters/openai.go:333.10,334.80 1 0
cleanr/cleanr/adapters/openai.go:350.26,351.47 1 0
cleanr/cleanr/adapters/openai.go:351.47,353.3 1 0
cleanr/cleanr/adapters/openai.go:354.2,354.30 1 0
cleanr/cleanr/adapters/openai.go:354.30,356.3 1 0
cleanr/cleanr/adapters/openai.go:357.2,367.9 1 0
cleanr/cleanr/adapters/openai.go:377.20,378.21 1 0
cleanr/cleanr/adapters/openai.go:378.21,380.3 1 0
cleanr/cleanr/adapters/openai.go:381.2,382.29 2 0
cleanr/cleanr/adapters/openai.go:382.29,389.3 1 0
cleanr/cleanr/adapters/openai.go:390.2,390.18 1 0
cleanr/cleanr/adapters/openai.go:393.62,398.48 4 0
cleanr/cleanr/adapters/openai.go:398.48,400.3 1 0
cleanr/cleanr/adapters/openai.go:401.2,401.53 1 0
cleanr/cleanr/adapters/openai.go:401.53,403.3 1 0
cleanr/cleanr/adapters/openai.go:404.2,404.22 1 0
cleanr/cleanr/adapters/openai.go:404.22,406.3 1 0
cleanr/cleanr/adapters/openai.go:408.2,412.3 1 0
cleanr/cleanr/adapters/openai.go:415.56,417.105 2 0
cleanr/cleanr/adapters/openai.go:417.105,419.3 1 0
cleanr/cleanr/adapters/openai.go:420.2,420.56 1 0
cleanr/cleanr/config/defaults.go:5.34,94.2 3 1
cleanr/cleanr/config/defaults.go:96.38,97.23 1 1
cleanr/cleanr/config/defaults.go:97.23,99.3 1 1
cleanr/cleanr/config/defaults.go:100.2,100.27 1 1
cleanr/cleanr/config/defaults.go:100.27,102.3 1 1
cleanr/cleanr/config/defaults.go:103.2,103.29 1 1
cleanr/cleanr/config/defaults.go:103.29,105.3 1 1
cleanr/cleanr/config/defaults.go:106.2,106.31 1 1
cleanr/cleanr/config/defaults.go:106.31,108.3 1 1
cleanr/cleanr/config/defaults.go:109.2,109.31 1 1
cleanr/cleanr/config/defaults.go:109.31,113.3 1 1
cleanr/cleanr/config/defaults.go:114.2,114.41 1 1
cleanr/cleanr/config/defaults.go:114.41,115.28 1 0
cleanr/cleanr/config/defaults.go:115.28,117.4 1 0
cleanr/cleanr/config/defaults.go:118.3,118.38 1 0
cleanr/cleanr/config/defaults.go:118.38,120.4 1 0
cleanr/cleanr/config/defaults.go:121.3,121.40 1 0
cleanr/cleanr/config/defaults.go:121.40,123.4 1 0
cleanr/cleanr/config/defaults.go:124.3,124.38 1 0
cleanr/cleanr/config/defaults.go:124.38,126.4 1 0
cleanr/cleanr/config/defaults.go:128.2,128.44 1 1
cleanr/cleanr/config/defaults.go:128.44,129.28 1 0
cleanr/cleanr/config/defaults.go:129.28,131.4 1 0
cleanr/cleanr/config/defaults.go:132.3,132.43 1 0
cleanr/cleanr/config/defaults.go:132.43,134.4 1 0
cleanr/cleanr/config/defaults.go:135.3,135.41 1 0
cleanr/cleanr/config/defaults.go:135.41,137.4 1 0
cleanr/cleanr/config/defaults.go:138.3,138.41 1 0
cleanr/cleanr/config/defaults.go:138.41,140.4 1 0
cleanr/cleanr/config/defaults.go:141.3,141.42 1 0
cleanr/cleanr/config/defaults.go:141.42,143.4 1 0
cleanr/cleanr/config/defaults.go:145.2,145.96 1 1
cleanr/cleanr/config/defaults.go:145.96,147.3 1 0
cleanr/cleanr/config/defaults.go:148.2,148.29 1 1
cleanr/cleanr/config/defaults.go:148.29,149.40 1 1
cleanr/cleanr/config/defaults.go:149.40,151.4 1 0
cleanr/cleanr/config/defaults.go:152.3,152.43 1 1
cleanr/cleanr/config/defaults.go:152.43,154.4 1 0
cleanr/cleanr/config/defaults.go:155.3,155.40 1 1
cleanr/cleanr/config/defaults.go:155.40,157.4 1 0
cleanr/cleanr/config/defaults.go:159.2,159.30 1 1
cleanr/cleanr/config/defaults.go:159.30,160.41 1 1
cleanr/cleanr/config/defaults.go:160.41,162.4 1 0
cleanr/cleanr/config/defaults.go:163.3,163.39 1 1
cleanr/cleanr/config/defaults.go:163.39,165.4 1 0
cleanr/cleanr/config/defaults.go:166.3,166.41 1 1
cleanr/cleanr/config/defaults.go:166.41,168.4 1 0
cleanr/cleanr/config/defaults.go:170.2,170.30 1 1
cleanr/cleanr/config/defaults.go:170.30,171.39 1 1
cleanr/cleanr/config/defaults.go:171.39,173.4 1 0
cleanr/cleanr/config/defaults.go:174.3,174.47 1 1
cleanr/cleanr/config/defaults.go:174.47,176.4 1 0
cleanr/cleanr/config/defaults.go:177.3,177.45 1 1
cleanr/cleanr/config/defaults.go:177.45,179.4 1 0
cleanr/cleanr/config/defaults.go:180.3,180.48 1 1
cleanr/cleanr/config/defaults.go:180.48,182.4 1 0
cleanr/cleanr/config/defaults.go:184.2,184.42 1 1
cleanr/cleanr/config/defaults.go:184.42,185.55 1 1
cleanr/cleanr/config/defaults.go:185.55,187.4 1 0
cleanr/cleanr/config/defaults.go:188.3,188.56 1 1
cleanr/cleanr/config/defaults.go:188.56,190.4 1 0
cleanr/cleanr/config/defaults.go:191.3,191.55 1 1
cleanr/cleanr/config/defaults.go:191.55,193.4 1 0
cleanr/cleanr/config/defaults.go:194.3,194.60 1 1
cleanr/cleanr/config/defaults.go:194.60,196.4 1 0
cleanr/cleanr/config/defaults.go:197.3,197.66 1 1
cleanr/cleanr/config/defaults.go:197.66,199.4 1 0
cleanr/cleanr/config/defaults.go:200.3,200.68 1 1
cleanr/cleanr/config/defaults.go:200.68,202.4 1 0
cleanr/cleanr/config/defaults.go:203.3,203.65 1 1
cleanr/cleanr/config/defaults.go:203.65,205.4 1 0
cleanr/cleanr/config/errors.go:14.36,15.37 1 1
cleanr/cleanr/config/errors.go:15.37,17.3 1 0
cleanr/cleanr/config/errors.go:18.2,18.66 1 1
cleanr/cleanr/config/errors.go:25.60,31.2 1 1
cleanr/cleanr/config/errors.go:33.41,35.2 1 1
cleanr/cleanr/config/errors.go:37.42,38.24 1 1
cleanr/cleanr/config/errors.go:38.24,40.3 1 0
cleanr/cleanr/config/errors.go:41.2,41.24 1 1
cleanr/cleanr/config/errors.go:41.24,43.3 1 0
cleanr/cleanr/config/errors.go:45.2,47.31 3 1
cleanr/cleanr/config/errors.go:47.31,50.3 2 1
cleanr/cleanr/config/errors.go:51.2,51.19 1 1
cleanr/cleanr/config/io.go:14.55,16.16 2 1
cleanr/cleanr/config/io.go:16.16,18.3 1 0
cleanr/cleanr/config/io.go:20.2,21.16 2 1
cleanr/cleanr/config/io.go:21.16,23.3 1 0
cleanr/cleanr/config/io.go:24.2,25.44 2 1
cleanr/cleanr/config/io.go:25.44,27.3 1 1
cleanr/cleanr/config/io.go:29.2,29.17 1 1
cleanr/cleanr/config/io.go:32.70,34.16 2 0
cleanr/cleanr/config/io.go:34.16,36.3 1 0
cleanr/cleanr/config/io.go:37.2,38.44 2 0
cleanr/cleanr/config/io.go:38.44,40.3 1 0
cleanr/cleanr/config/io.go:41.2,41.17 1 0
cleanr/cleanr/config/io.go:44.58,46.16 2 1
cleanr/cleanr/config/io.go:46.16,48.3 1 0
cleanr/cleanr/config/io.go:49.2,49.54 1 1
cleanr/cleanr/config/io.go:52.68,54.16 2 0
cleanr/cleanr/config/io.go:54.16,56.3 1 0
cleanr/cleanr/config/io.go:57.2,57.32 1 0
cleanr/cleanr/config/io.go:60.66,61.22 1 1
cleanr/cleanr/config/io.go:61.22,63.3 1 1
cleanr/cleanr/config/io.go:65.2,66.51 2 1
cleanr/cleanr/config/io.go:66.51,68.3 1 0
cleanr/cleanr/config/io.go:69.2,69.17 1 1
cleanr/cleanr/config/io.go:72.65,73.22 1 1
cleanr/cleanr/config/io.go:73.22,75.17 2 1
cleanr/cleanr/config/io.go:75.17,77.4 1 0
cleanr/cleanr/config/io.go:79.3,80.55 2 1
cleanr/cleanr/config/io.go:80.55,82.4 1 0
cleanr/cleanr/config/io.go:84.3,85.17 2 1
cleanr/cleanr/config/io.go:85.17,87.4 1 0
cleanr/cleanr/config/io.go:88.3,88.19 1 1
cleanr/cleanr/config/io.go:91.2,92.16 2 1
cleanr/cleanr/config/io.go:92.16,94.3 1 0
cleanr/cleanr/config/io.go:95.2,95.18 1 1
cleanr/cleanr/config/io.go:98.57,100.55 2 1
cleanr/cleanr/config/io.go:100.55,102.3 1 0
cleanr/cleanr/config/io.go:104.2,106.16 3 1
cleanr/cleanr/config/io.go:106.16,108.3 1 0
cleanr/cleanr/config/io.go:110.2,111.50 2 1
cleanr/cleanr/config/io.go:111.50,113.3 1 0
cleanr/cleanr/config/io.go:114.2,114.17 1 1
cleanr/cleanr/config/io.go:117.36,118.27 1 1
cleanr/cleanr/config/io.go:119.22,121.33 2 1
cleanr/cleanr/config/io.go:121.33,123.4 1 1
cleanr/cleanr/config/io.go:124.3,124.13 1 1
cleanr/cleanr/config/io.go:125.19,127.33 2 0
cleanr/cleanr/config/io.go:127.33,129.4 1 0
cleanr/cleanr/config/io.go:130.3,130.13 1 0
cleanr/cleanr/config/io.go:131.13,133.31 2 1
cleanr/cleanr/config/io.go:133.31,135.4 1 1
cleanr/cleanr/config/io.go:136.3,136.13 1 1
cleanr/cleanr/config/io.go:137.10,138.11 1 1
cleanr/cleanr/config/io.go:142.35,143.45 1 1
cleanr/cleanr/config/io.go:144.23,145.14 1 1
cleanr/cleanr/config/io.go:146.10,147.15 1 1
cleanr/cleanr/config/io.go:151.42,152.52 1 0
cleanr/cleanr/config/io.go:153.21,154.23 1 0
cleanr/cleanr/config/io.go:155.10,156.23 1 0
cleanr/cleanr/config/validation.go:12.44,15.33 2 1
cleanr/cleanr/config/validation.go:16.14,20.64 4 1
cleanr/cleanr/config/validation.go:20.64,22.62 2 1
cleanr/cleanr/config/validation.go:22.62,24.5 1 0
cleanr/cleanr/config/validation.go:26.16,28.43 2 0
cleanr/cleanr/config/validation.go:29.40,29.40 0 0
cleanr/cleanr/config/validation.go:30.11,31.179 1 0
cleanr/cleanr/config/validation.go:33.3,33.75 1 0
cleanr/cleanr/config/validation.go:33.75,35.62 2 0
cleanr/cleanr/config/validation.go:35.62,37.5 1 0
cleanr/cleanr/config/validation.go:39.19,41.78 2 0
cleanr/cleanr/config/validation.go:41.78,43.62 2 0
cleanr/cleanr/config/validation.go:43.62,45.5 1 0
cleanr/cleanr/config/validation.go:47.3,47.41 1 0
cleanr/cleanr/config/validation.go:47.41,49.4 1 0
cleanr/cleanr/config/validation.go:50.10,51.184 1 0
cleanr/cleanr/config/validation.go:54.2,54.30 1 1
cleanr/cleanr/config/validation.go:54.30,56.3 1 0
cleanr/cleanr/config/validation.go:58.2,59.29 2 1
cleanr/cleanr/config/validation.go:59.29,61.3 1 0
cleanr/cleanr/config/validation.go:62.2,62.41 1 1
cleanr/cleanr/config/validation.go:62.41,66.59 4 1
cleanr/cleanr/config/validation.go:66.59,67.44 1 1
cleanr/cleanr/config/validation.go:67.44,69.5 1 0
cleanr/cleanr/config/validation.go:69.10,71.5 1 1
cleanr/cleanr/config/validation.go:73.3,73.49 1 1
cleanr/cleanr/config/validation.go:73.49,75.4 1 1
cleanr/cleanr/config/validation.go:78.2,78.29 1 1
cleanr/cleanr/config/validation.go:78.29,81.83 3 1
cleanr/cleanr/config/validation.go:81.83,83.4 1 0
cleanr/cleanr/config/validation.go:84.3,84.39 1 1
cleanr/cleanr/config/validation.go:84.39,86.4 1 0
cleanr/cleanr/config/validation.go:89.2,89.59 1 1
cleanr/cleanr/config/validation.go:89.59,90.52 1 0
cleanr/cleanr/config/validation.go:90.52,92.4 1 0
cleanr/cleanr/config/validation.go:95.2,95.30 1 1
cleanr/cleanr/config/validation.go:95.30,101.49 2 1
cleanr/cleanr/config/validation.go:101.49,102.42 1 1
cleanr/cleanr/config/validation.go:102.42,104.5 1 0
cleanr/cleanr/config/validation.go:106.3,106.41 1 1
cleanr/cleanr/config/validation.go:106.41,108.4 1 0
cleanr/cleanr/config/validation.go:109.3,109.38 1 1
cleanr/cleanr/config/validation.go:109.38,111.4 1 0
cleanr/cleanr/config/validation.go:112.3,112.79 1 1
cleanr/cleanr/config/validation.go:112.79,114.4 1 0
cleanr/cleanr/config/validation.go:117.2,117.30 1 1
cleanr/cleanr/config/validation.go:117.30,118.38 1 1
cleanr/cleanr/config/validation.go:118.38,120.4 1 0
cleanr/cleanr/config/validation.go:121.3,121.89 1 1
cleanr/cleanr/config/validation.go:121.89,123.4 1 0
cleanr/cleanr/config/validation.go:124.3,124.85 1 1
cleanr/cleanr/config/validation.go:124.85,126.4 1 0
cleanr/cleanr/config/validation.go:127.3,127.91 1 1
cleanr/cleanr/config/validation.go:127.91,129.4 1 0
cleanr/cleanr/config/validation.go:132.2,132.42 1 1
cleanr/cleanr/config/validation.go:132.42,133.54 1 1
cleanr/cleanr/config/validation.go:133.54,135.4 1 0
cleanr/cleanr/config/validation.go:136.3,136.55 1 1
cleanr/cleanr/config/validation.go:136.55,138.4 1 0
cleanr/cleanr/config/validation.go:139.3,139.54 1 1
cleanr/cleanr/config/validation.go:139.54,141.4 1 0
cleanr/cleanr/config/validation.go:142.3,142.60 1 1
cleanr/cleanr/config/validation.go:142.60,144.4 1 0
cleanr/cleanr/config/validation.go:145.3,145.127 1 1
cleanr/cleanr/config/validation.go:145.127,147.4 1 0
cleanr/cleanr/config/validation.go:148.3,148.131 1 1
cleanr/cleanr/config/validation.go:148.131,150.4 1 0
cleanr/cleanr/config/validation.go:151.3,151.64 1 1
cleanr/cleanr/config/validation.go:151.64,153.4 1 0
cleanr/cleanr/config/validation.go:156.2,156.69 1 1
cleanr/cleanr/config/validation.go:156.69,157.17 1 1
cleanr/cleanr/config/validation.go:158.32,158.32 0 1
cleanr/cleanr/config/validation.go:159.11,160.147 1 1
cleanr/cleanr/config/validation.go:164.2,164.19 1 1
cleanr/cleanr/config/validation.go:164.19,166.3 1 1
cleanr/cleanr/config/validation.go:167.2,167.12 1 1
cleanr/cleanr/config/validation.go:170.72,171.36 1 1
cleanr/cleanr/config/validation.go:171.36,173.3 1 1
cleanr/cleanr/config/validation.go:176.86,177.16 1 1
cleanr/cleanr/config/validation.go:177.16,179.3 1 0
[...]
cleanr/cleanr/engines/defaults.go:19.30,21.3 1 0
cleanr/cleanr/engines/defaults.go:22.2,22.42 1 0
cleanr/cleanr/engines/defaults.go:22.42,24.3 1 0
cleanr/cleanr/engines/defaults.go:25.2,25.12 1 0
cleanr/cleanr/engines/drift.go:13.34,13.52 1 0
cleanr/cleanr/engines/drift.go:15.87,18.22 3 0
cleanr/cleanr/engines/drift.go:18.22,20.3 1 0
cleanr/cleanr/engines/drift.go:21.2,22.34 2 0
cleanr/cleanr/engines/drift.go:22.34,26.39 4 0
cleanr/cleanr/engines/drift.go:26.39,33.23 2 0
cleanr/cleanr/engines/drift.go:33.23,35.13 2 0
cleanr/cleanr/engines/drift.go:37.4,37.44 1 0
cleanr/cleanr/engines/drift.go:39.3,40.37 2 0
cleanr/cleanr/engines/drift.go:40.37,42.4 1 0
cleanr/cleanr/engines/drift.go:43.3,43.44 1 0
cleanr/cleanr/engines/drift.go:43.44,45.4 1 0
cleanr/cleanr/engines/drift.go:46.3,56.5 1 0
cleanr/cleanr/engines/drift.go:58.2,58.80 1 0
cleanr/cleanr/engines/helpers.go:13.78,15.21 2 0
cleanr/cleanr/engines/helpers.go:15.21,17.3 1 0
cleanr/cleanr/engines/helpers.go:18.2,18.69 1 0
cleanr/cleanr/engines/helpers.go:18.69,20.3 1 0
cleanr/cleanr/engines/helpers.go:21.2,21.28 1 0
cleanr/cleanr/engines/helpers.go:21.28,23.3 1 0
cleanr/cleanr/engines/helpers.go:24.2,24.53 1 0
cleanr/cleanr/engines/helpers.go:24.53,26.3 1 0
cleanr/cleanr/engines/helpers.go:27.2,27.33 1 0
cleanr/cleanr/engines/helpers.go:27.33,28.74 1 0
cleanr/cleanr/engines/helpers.go:28.74,30.4 1 0
cleanr/cleanr/engines/helpers.go:32.2,32.17 1 0
cleanr/cleanr/engines/helpers.go:35.78,36.17 1 0
cleanr/cleanr/engines/helpers.go:36.17,38.3 1 0
cleanr/cleanr/engines/helpers.go:39.2,40.31 2 0
cleanr/cleanr/engines/helpers.go:40.31,42.3 1 0
cleanr/cleanr/engines/helpers.go:43.2,43.25 1 0
cleanr/cleanr/engines/helpers.go:43.25,45.3 1 0
cleanr/cleanr/engines/helpers.go:46.2,46.28 1 0
cleanr/cleanr/engines/helpers.go:46.28,48.3 1 0
cleanr/cleanr/engines/helpers.go:49.2,49.27 1 0
cleanr/cleanr/engines/helpers.go:49.27,51.3 1 0
cleanr/cleanr/engines/helpers.go:52.2,52.29 1 0
cleanr/cleanr/engines/helpers.go:52.29,54.3 1 0
cleanr/cleanr/engines/helpers.go:55.2,55.35 1 0
cleanr/cleanr/engines/helpers.go:55.35,57.3 1 0
cleanr/cleanr/engines/helpers.go:58.2,58.35 1 0
cleanr/cleanr/engines/helpers.go:58.35,60.3 1 0
cleanr/cleanr/engines/helpers.go:61.2,61.35 1 0
cleanr/cleanr/engines/helpers.go:61.35,64.3 2 0
cleanr/cleanr/engines/helpers.go:65.2,65.29 1 0
cleanr/cleanr/engines/helpers.go:65.29,67.3 1 0
cleanr/cleanr/engines/helpers.go:68.2,68.13 1 0
cleanr/cleanr/engines/helpers.go:71.86,72.20 1 0
cleanr/cleanr/engines/helpers.go:72.20,74.3 1 0
cleanr/cleanr/engines/helpers.go:75.2,76.37 2 0
cleanr/cleanr/engines/helpers.go:76.37,77.29 1 0
cleanr/cleanr/engines/helpers.go:77.29,78.38 1 0
cleanr/cleanr/engines/helpers.go:78.38,79.20 1 0
cleanr/cleanr/engines/helpers.go:79.20,81.23 2 0
cleanr/cleanr/engines/helpers.go:87.2,87.12 1 0
cleanr/cleanr/engines/helpers.go:90.56,91.22 1 0
cleanr/cleanr/engines/helpers.go:91.22,93.3 1 0
cleanr/cleanr/engines/helpers.go:94.2,96.36 3 0
cleanr/cleanr/engines/helpers.go:96.36,97.41 1 0
cleanr/cleanr/engines/helpers.go:97.41,100.4 2 0
cleanr/cleanr/engines/helpers.go:102.2,103.25 2 0
cleanr/cleanr/engines/helpers.go:106.46,107.12 1 0
cleanr/cleanr/engines/helpers.go:107.12,109.3 1 0
cleanr/cleanr/engines/helpers.go:110.2,112.34 3 0
cleanr/cleanr/engines/helpers.go:112.34,114.3 1 0
cleanr/cleanr/engines/helpers.go:115.2,117.16 3 0
cleanr/cleanr/engines/helpers.go:117.16,119.3 1 0
cleanr/cleanr/engines/helpers.go:120.2,120.30 1 0
cleanr/cleanr/engines/helpers.go:123.35,124.17 1 0
cleanr/cleanr/engines/helpers.go:124.17,126.3 1 0
cleanr/cleanr/engines/helpers.go:127.2,127.17 1 0
cleanr/cleanr/engines/helpers.go:127.17,129.3 1 0
cleanr/cleanr/engines/helpers.go:130.2,132.22 3 0
cleanr/cleanr/engines/helpers.go:132.22,134.3 1 0
cleanr/cleanr/engines/helpers.go:135.2,135.31 1 0
cleanr/cleanr/engines/helpers.go:135.31,137.32 2 0
cleanr/cleanr/engines/helpers.go:137.32,139.24 2 0
cleanr/cleanr/engines/helpers.go:139.24,141.5 1 0
cleanr/cleanr/engines/helpers.go:142.4,142.56 1 0
cleanr/cleanr/engines/helpers.go:144.3,144.18 1 0
cleanr/cleanr/engines/helpers.go:146.2,146.21 1 0
cleanr/cleanr/engines/helpers.go:149.37,150.19 1 0
cleanr/cleanr/engines/helpers.go:150.19,152.3 1 0
cleanr/cleanr/engines/helpers.go:153.2,153.24 1 0
cleanr/cleanr/engines/helpers.go:156.49,157.29 1 0
cleanr/cleanr/engines/helpers.go:157.29,158.49 1 0
cleanr/cleanr/engines/helpers.go:158.49,160.4 1 0
cleanr/cleanr/engines/helpers.go:162.2,162.14 1 0
cleanr/cleanr/engines/helpers.go:165.46,166.26 1 0
cleanr/cleanr/engines/helpers.go:166.26,167.16 1 0
cleanr/cleanr/engines/helpers.go:167.16,169.4 1 0
cleanr/cleanr/engines/helpers.go:171.2,171.13 1 0
cleanr/cleanr/engines/helpers.go:174.63,175.23 1 0
cleanr/cleanr/engines/helpers.go:175.23,177.3 1 0
cleanr/cleanr/engines/helpers.go:178.2,179.37 2 0
cleanr/cleanr/engines/helpers.go:179.37,179.61 1 0
cleanr/cleanr/engines/helpers.go:180.2,181.13 2 0
cleanr/cleanr/engines/helpers.go:181.13,183.3 1 0
cleanr/cleanr/engines/helpers.go:184.2,184.20 1 0
cleanr/cleanr/engines/helpers.go:184.20,186.3 1 0
cleanr/cleanr/engines/helpers.go:187.2,187.16 1 0
cleanr/cleanr/engines/helpers.go:190.28,191.20 1 0
cleanr/cleanr/engines/helpers.go:191.20,193.3 1 0
cleanr/cleanr/engines/helpers.go:194.2,194.11 1 0
cleanr/cleanr/engines/helpers.go:194.11,196.3 1 0
cleanr/cleanr/engines/helpers.go:197.2,197.10 1 0
cleanr/cleanr/engines/helpers.go:200.24,201.11 1 0
cleanr/cleanr/engines/helpers.go:201.11,203.3 1 0
cleanr/cleanr/engines/helpers.go:204.2,204.10 1 0
cleanr/cleanr/engines/load.go:15.33,15.50 1 0
cleanr/cleanr/engines/load.go:17.86,31.43 8 0
cleanr/cleanr/engines/load.go:31.43,33.19 2 0
cleanr/cleanr/engines/load.go:33.19,35.45 2 0
cleanr/cleanr/engines/load.go:35.45,44.5 3 0
cleanr/cleanr/engines/load.go:48.2,50.20 3 0
cleanr/cleanr/engines/load.go:50.20,52.3 1 0
cleanr/cleanr/engines/load.go:54.2,56.28 3 0
cleanr/cleanr/engines/load.go:56.28,58.55 2 0
cleanr/cleanr/engines/load.go:58.55,60.4 1 0
cleanr/cleanr/engines/load.go:62.2,64.22 3 0
cleanr/cleanr/engines/load.go:64.22,66.3 1 0
cleanr/cleanr/engines/load.go:67.2,69.37 3 0
cleanr/cleanr/engines/load.go:69.37,72.3 2 0
cleanr/cleanr/engines/load.go:73.2,73.60 1 0
cleanr/cleanr/engines/load.go:73.60,76.3 2 0
cleanr/cleanr/engines/load.go:77.2,93.3 1 0
cleanr/cleanr/engines/prompt_injection.go:13.44,13.73 1 0
cleanr/cleanr/engines/prompt_injection.go:15.97,18.47 3 0
cleanr/cleanr/engines/prompt_injection.go:18.47,35.46 7 0
cleanr/cleanr/engines/prompt_injection.go:35.46,36.55 1 0
cleanr/cleanr/engines/prompt_injection.go:36.55,38.10 2 0
cleanr/cleanr/engines/prompt_injection.go:41.3,43.15 3 0
cleanr/cleanr/engines/prompt_injection.go:43.15,45.4 1 0
cleanr/cleanr/engines/prompt_injection.go:46.3,46.14 1 0
cleanr/cleanr/engines/prompt_injection.go:46.14,48.4 1 0
cleanr/cleanr/engines/prompt_injection.go:49.3,58.5 1 0
cleanr/cleanr/engines/prompt_injection.go:60.2,60.91 1 0
cleanr/cleanr/engines/security.go:15.37,15.58 1 0
cleanr/cleanr/engines/security.go:17.90,25.43 4 0
cleanr/cleanr/engines/security.go:25.43,26.53 1 0
cleanr/cleanr/engines/security.go:26.53,28.4 1 0
cleanr/cleanr/engines/security.go:31.2,32.51 2 0
cleanr/cleanr/engines/security.go:32.51,44.34 7 0
cleanr/cleanr/engines/security.go:44.34,46.4 1 0
cleanr/cleanr/engines/security.go:47.3,47.36 1 0
cleanr/cleanr/engines/security.go:47.36,48.49 1 0
cleanr/cleanr/engines/security.go:48.49,50.5 1 0
cleanr/cleanr/engines/security.go:52.3,52.37 1 0
cleanr/cleanr/engines/security.go:52.37,54.4 1 0
cleanr/cleanr/engines/security.go:55.3,55.57 1 0
cleanr/cleanr/engines/security.go:55.57,56.75 1 0
cleanr/cleanr/engines/security.go:56.75,58.5 1 0
cleanr/cleanr/engines/security.go:60.3,60.58 1 0
cleanr/cleanr/engines/security.go:60.58,61.41 1 0
cleanr/cleanr/engines/security.go:61.41,63.5 1 0
cleanr/cleanr/engines/security.go:65.3,76.5 1 0
cleanr/cleanr/engines/security.go:78.2,78.83 1 0
cleanr/cleanr/engines/token_analysis.go:11.82,12.93 1 0
cleanr/cleanr/engines/token_analysis.go:12.93,14.29 2 0
cleanr/cleanr/engines/token_analysis.go:14.29,16.4 1 0
cleanr/cleanr/engines/token_analysis.go:17.3,17.15 1 0
cleanr/cleanr/engines/token_analysis.go:19.2,26.3 3 0
cleanr/cleanr/engines/token_analysis.go:29.38,31.16 2 0
cleanr/cleanr/engines/token_analysis.go:31.16,33.3 1 0
cleanr/cleanr/engines/token_analysis.go:34.2,36.29 3 0
cleanr/cleanr/engines/token_analysis.go:36.29,38.55 2 0
cleanr/cleanr/engines/token_analysis.go:38.55,40.12 2 0
cleanr/cleanr/engines/token_analysis.go:42.3,42.53 1 0
cleanr/cleanr/engines/token_analysis.go:44.2,44.16 1 0
cleanr/cleanr/engines/token_analysis.go:44.16,46.3 1 0
cleanr/cleanr/engines/token_analysis.go:47.2,47.14 1 0
cleanr/cleanr/engines/token_analysis.go:50.44,52.22 2 0
cleanr/cleanr/engines/token_analysis.go:52.22,54.3 1 0
cleanr/cleanr/engines/token_analysis.go:55.2,56.21 2 0
cleanr/cleanr/engines/token_analysis.go:56.21,58.3 1 0
cleanr/cleanr/engines/token_analysis.go:59.2,61.29 3 0
cleanr/cleanr/engines/token_analysis.go:61.29,63.16 2 0
cleanr/cleanr/engines/token_analysis.go:63.16,64.12 1 0
cleanr/cleanr/engines/token_analysis.go:66.3,67.18 2 0
cleanr/cleanr/engines/token_analysis.go:67.18,68.12 1 0
cleanr/cleanr/engines/token_analysis.go:70.3,70.20 1 0
cleanr/cleanr/engines/token_analysis.go:70.20,72.4 1 0
cleanr/cleanr/engines/token_analysis.go:73.3,73.14 1 0
cleanr/cleanr/engines/token_analysis.go:75.2,75.68 1 0
cleanr/cleanr/engines/token_analysis.go:78.44,82.27 4 0
cleanr/cleanr/engines/token_analysis.go:82.27,84.17 2 0
cleanr/cleanr/engines/token_analysis.go:84.17,85.12 1 0
cleanr/cleanr/engines/token_analysis.go:87.3,87.30 1 0
cleanr/cleanr/engines/token_analysis.go:89.2,89.14 1 0
cleanr/cleanr/engines/token_analysis.go:92.125,94.49 2 0
cleanr/cleanr/engines/token_analysis.go:94.49,96.3 1 0
cleanr/cleanr/engines/token_analysis.go:97.2,97.53 1 0
cleanr/cleanr/engines/token_analysis.go:97.53,99.3 1 0
cleanr/cleanr/engines/token_analysis.go:100.2,100.55 1 0
cleanr/cleanr/engines/token_analysis.go:100.55,102.3 1 0
cleanr/cleanr/engines/token_analysis.go:103.2,103.24 1 0
cleanr/cleanr/engines/token_analysis.go:106.149,108.91 2 0
cleanr/cleanr/engines/token_analysis.go:108.91,110.3 1 0
cleanr/cleanr/engines/token_analysis.go:111.2,111.92 1 0
cleanr/cleanr/engines/token_analysis.go:111.92,113.3 1 0
cleanr/cleanr/engines/token_analysis.go:114.2,114.53 1 0
cleanr/cleanr/engines/token_analysis.go:114.53,116.3 1 0
cleanr/cleanr/engines/token_analysis.go:117.2,117.44 1 0
cleanr/cleanr/engines/token_analysis.go:117.44,119.3 1 0
cleanr/cleanr/engines/token_analysis.go:120.2,120.21 1 0
cleanr/cleanr/engines/token_analysis.go:120.21,122.3 1 0
cleanr/cleanr/engines/token_analysis.go:123.2,123.14 1 0
cleanr/cleanr/engines/token_analysis.go:126.32,128.2 1 0
cleanr/cleanr/engines/token_analysis.go:130.38,132.2 1 0
cleanr/cleanr/engines/token_optimization.go:14.46,14.77 1 0
cleanr/cleanr/engines/token_optimization.go:16.99,24.51 7 0
cleanr/cleanr/engines/token_optimization.go:24.51,37.28 8 0
cleanr/cleanr/engines/token_optimization.go:37.28,39.4 1 0
cleanr/cleanr/engines/token_optimization.go:40.3,44.23 5 0
cleanr/cleanr/engines/token_optimization.go:44.23,46.4 1 0
cleanr/cleanr/engines/token_optimization.go:48.3,48.45 1 0
cleanr/cleanr/engines/token_optimization.go:48.45,50.4 1 0
cleanr/cleanr/engines/token_optimization.go:51.3,51.47 1 0
cleanr/cleanr/engines/token_optimization.go:51.47,53.4 1 0
cleanr/cleanr/engines/token_optimization.go:54.3,54.45 1 0
cleanr/cleanr/engines/token_optimization.go:54.45,56.4 1 0
cleanr/cleanr/engines/token_optimization.go:57.3,57.49 1 0
cleanr/cleanr/engines/token_optimization.go:57.49,59.4 1 0
cleanr/cleanr/engines/token_optimization.go:60.3,60.50 1 0
cleanr/cleanr/engines/token_optimization.go:60.50,62.4 1 0
cleanr/cleanr/engines/token_optimization.go:63.3,63.54 1 0
cleanr/cleanr/engines/token_optimization.go:63.54,65.4 1 0
cleanr/cleanr/engines/token_optimization.go:67.3,84.5 1 0
cleanr/cleanr/engines/token_optimization.go:87.2,99.3 2 0
cleanr/internal/devtools/build.go:10.65,11.18 1 1
cleanr/internal/devtools/build.go:11.18,13.3 1 0
cleanr/internal/devtools/build.go:14.2,15.69 2 1
cleanr/internal/devtools/build.go:15.69,17.3 1 0
cleanr/internal/devtools/build.go:18.2,18.78 1 1
cleanr/internal/devtools/build.go:18.78,20.3 1 0
cleanr/internal/devtools/build.go:21.2,21.93 1 1
cleanr/internal/devtools/build.go:24.47,25.26 1 1
cleanr/internal/devtools/build.go:25.26,27.3 1 0
cleanr/internal/devtools/build.go:28.2,28.37 1 1
cleanr/internal/devtools/check.go:8.49,9.68 1 1
cleanr/internal/devtools/check.go:9.68,11.3 1 0
cleanr/internal/devtools/check.go:12.2,12.53 1 1
cleanr/internal/devtools/check.go:15.49,16.69 1 1
cleanr/internal/devtools/check.go:16.69,18.3 1 0
cleanr/internal/devtools/check.go:19.2,19.54 1 1
cleanr/internal/devtools/check.go:22.50,27.53 1 1
cleanr/internal/devtools/check.go:27.53,27.80 1 1
cleanr/internal/devtools/check.go:32.2,32.29 1 1
cleanr/internal/devtools/check.go:32.29,33.73 1 1
cleanr/internal/devtools/check.go:33.73,35.4 1 0
cleanr/internal/devtools/check.go:36.3,36.38 1 1
cleanr/internal/devtools/check.go:36.38,38.4 1 0
cleanr/internal/devtools/check.go:40.2,40.12 1 1
cleanr/internal/devtools/command.go:11.107,13.16 2 1
cleanr/internal/devtools/command.go:13.16,15.3 1 0
cleanr/internal/devtools/command.go:16.2,21.30 6 1
cleanr/internal/devtools/command.go:21.30,23.3 1 1
cleanr/internal/devtools/command.go:24.2,24.34 1 1
cleanr/internal/devtools/command.go:24.34,26.3 1 0
cleanr/internal/devtools/command.go:27.2,27.12 1 1
cleanr/internal/devtools/format.go:10.51,12.16 2 1
cleanr/internal/devtools/format.go:12.16,14.3 1 0
cleanr/internal/devtools/format.go:15.2,15.52 1 1
cleanr/internal/devtools/format.go:15.52,17.3 1 0
cleanr/internal/devtools/format.go:18.2,18.21 1 1
cleanr/internal/devtools/format.go:18.21,20.3 1 0
cleanr/internal/devtools/format.go:21.2,21.73 1 1
cleanr/internal/devtools/format.go:21.73,23.3 1 0
cleanr/internal/devtools/format.go:24.2,24.77 1 1
cleanr/internal/devtools/format.go:27.56,29.16 2 1
cleanr/internal/devtools/format.go:29.16,31.3 1 0
cleanr/internal/devtools/format.go:32.2,32.52 1 1
cleanr/internal/devtools/format.go:32.52,34.3 1 0
cleanr/internal/devtools/format.go:35.2,35.21 1 1
cleanr/internal/devtools/format.go:35.21,37.3 1 0
cleanr/internal/devtools/format.go:38.2,39.16 2 1
cleanr/internal/devtools/format.go:39.16,41.3 1 0
cleanr/internal/devtools/format.go:42.2,45.16 4 1
cleanr/internal/devtools/format.go:45.16,47.3 1 0
cleanr/internal/devtools/format.go:48.2,48.62 1 1
cleanr/internal/devtools/format.go:48.62,50.3 1 1
cleanr/internal/devtools/format.go:51.2,51.70 1 1
cleanr/internal/devtools/format.go:51.70,53.3 1 0
cleanr/internal/devtools/format.go:54.2,54.12 1 1
cleanr/internal/devtools/gofiles.go:11.37,13.16 2 1
cleanr/internal/devtools/gofiles.go:13.16,15.3 1 0
cleanr/internal/devtools/gofiles.go:16.2,16.29 1 1
cleanr/internal/devtools/gofiles.go:16.29,17.57 1 1
cleanr/internal/devtools/gofiles.go:17.57,19.4 1 0
cleanr/internal/devtools/gofiles.go:21.2,21.12 1 1
cleanr/internal/devtools/gofiles.go:24.38,26.16 2 1
cleanr/internal/devtools/gofiles.go:26.16,28.3 1 0
cleanr/internal/devtools/gofiles.go:29.2,29.21 1 1
cleanr/internal/devtools/gofiles.go:29.21,31.3 1 0
cleanr/internal/devtools/gofiles.go:32.2,32.52 1 1
cleanr/internal/devtools/gofiles.go:32.52,34.3 1 1
cleanr/internal/devtools/gofiles.go:35.2,35.72 1 1
cleanr/internal/devtools/gofiles.go:35.72,37.3 1 0
cleanr/internal/devtools/gofiles.go:38.2,38.12 1 1
cleanr/internal/devtools/gofiles.go:41.53,43.82 2 1
cleanr/internal/devtools/gofiles.go:43.82,44.17 1 1
cleanr/internal/devtools/gofiles.go:44.17,46.4 1 0
cleanr/internal/devtools/gofiles.go:47.3,47.16 1 1
cleanr/internal/devtools/gofiles.go:47.16,48.20 1 1
cleanr/internal/devtools/gofiles.go:49.36,50.28 1 1
cleanr/internal/devtools/gofiles.go:52.4,52.14 1 1
cleanr/internal/devtools/gofiles.go:54.3,54.34 1 1
cleanr/internal/devtools/gofiles.go:54.34,56.4 1 1
cleanr/internal/devtools/gofiles.go:57.3,58.17 2 1
cleanr/internal/devtools/gofiles.go:58.17,60.4 1 0
cleanr/internal/devtools/gofiles.go:61.3,62.13 2 1
cleanr/internal/devtools/gofiles.go:64.2,64.16 1 1
cleanr/internal/devtools/gofiles.go:64.16,66.3 1 0
cleanr/internal/devtools/gofiles.go:67.2,68.19 2 1
cleanr/internal/devtools/gofiles.go:71.49,72.29 1 1
cleanr/internal/devtools/gofiles.go:72.29,73.10 1 1
cleanr/internal/devtools/gofiles.go:74.43,74.43 0 1
cleanr/internal/devtools/gofiles.go:75.40,75.40 0 1
cleanr/internal/devtools/gofiles.go:76.45,76.45 0 1
cleanr/internal/devtools/gofiles.go:77.81,77.81 0 1
cleanr/internal/devtools/gofiles.go:78.11,79.62 1 1
cleanr/internal/devtools/gofiles.go:81.3,81.80 1 1
cleanr/internal/devtools/gofiles.go:81.80,83.4 1 0
cleanr/internal/devtools/gofiles.go:84.3,84.80 1 1
cleanr/internal/devtools/gofiles.go:84.80,86.4 1 0
cleanr/internal/devtools/gofiles.go:88.2,88.12 1 1
cleanr/internal/devtools/release.go:16.73,18.19 2 1
cleanr/internal/devtools/release.go:18.19,20.3 1 0
cleanr/internal/devtools/release.go:21.2,22.22 2 1
cleanr/internal/devtools/release.go:22.22,24.3 1 0
cleanr/internal/devtools/release.go:26.2,27.55 2 1
cleanr/internal/devtools/release.go:27.55,29.3 1 0
cleanr/internal/devtools/release.go:31.2,39.37 3 1
cleanr/internal/devtools/release.go:39.37,42.54 3 1
cleanr/internal/devtools/release.go:42.54,44.4 1 0
cleanr/internal/devtools/release.go:45.3,46.103 2 1
cleanr/internal/devtools/release.go:46.103,48.4 1 0
cleanr/internal/devtools/release.go:49.3,55.131 3 1
cleanr/internal/devtools/release.go:55.131,57.4 1 0
cleanr/internal/devtools/release.go:58.3,60.17 3 1
cleanr/internal/devtools/release.go:60.17,62.4 1 0
cleanr/internal/devtools/release.go:63.3,64.48 2 1
cleanr/internal/devtools/release.go:64.48,66.4 1 0
cleanr/internal/devtools/release.go:69.2,70.102 2 1
cleanr/internal/devtools/release.go:70.102,72.3 1 0
cleanr/internal/devtools/release.go:73.2,74.12 2 1
cleanr/internal/devtools/release.go:77.77,79.16 2 1
cleanr/internal/devtools/release.go:79.16,81.3 1 0
cleanr/internal/devtools/release.go:82.2,91.16 8 1
cleanr/internal/devtools/release.go:91.16,93.3 1 0
cleanr/internal/devtools/release.go:94.2,95.16 2 1
cleanr/internal/devtools/release.go:95.16,97.3 1 0
cleanr/internal/devtools/release.go:98.2,99.47 2 1
cleanr/internal/devtools/release.go:99.47,101.3 1 0
cleanr/internal/devtools/release.go:102.2,103.16 2 1
cleanr/internal/devtools/release.go:103.16,105.3 1 0
cleanr/internal/devtools/release.go:106.2,107.45 2 1
cleanr/internal/devtools/release.go:107.45,109.3 1 0
cleanr/internal/devtools/release.go:110.2,110.35 1 1
cleanr/internal/devtools/release.go:110.35,112.3 1 0
cleanr/internal/devtools/release.go:113.2,113.35 1 1
cleanr/internal/devtools/release.go:113.35,115.3 1 0
cleanr/internal/devtools/release.go:116.2,116.47 1 1
cleanr/internal/devtools/report.go:19.50,21.18 2 1
cleanr/internal/devtools/report.go:21.18,23.3 1 1
cleanr/internal/devtools/report.go:25.2,26.16 2 1
cleanr/internal/devtools/report.go:26.16,28.3 1 0
cleanr/internal/devtools/report.go:29.2,29.100 1 1
cleanr/internal/devtools/report.go:29.100,31.3 1 0
cleanr/internal/devtools/report.go:32.2,32.53 1 1
cleanr/internal/devtools/report.go:35.91,37.17 2 1
cleanr/internal/devtools/report.go:37.17,39.19 2 1
cleanr/internal/devtools/report.go:39.19,41.4 1 1
cleanr/internal/devtools/report.go:42.3,43.17 2 1
cleanr/internal/devtools/report.go:43.17,45.4 1 0
cleanr/internal/devtools/report.go:46.3,46.55 1 1
cleanr/internal/devtools/report.go:49.2,51.16 3 1
cleanr/internal/devtools/report.go:51.16,53.3 1 0
cleanr/internal/devtools/report.go:55.2,56.54 2 1
cleanr/internal/devtools/report.go:56.54,58.3 1 0
cleanr/internal/devtools/report.go:59.2,59.26 1 1
cleanr/internal/devtools/report.go:62.55,64.52 2 1
cleanr/internal/devtools/report.go:65.14,119.9 1 0
cleanr/internal/devtools/report.go:120.18,209.9 1 1
cleanr/internal/devtools/report.go:210.10,211.78 1 0
cleanr/internal/devtools/runner.go:21.65,27.2 1 1
